<?xml version="1.0" encoding="UTF-8" standalone="no"?>
<!DOCTYPE log SYSTEM "logger.dtd">
<log>
<record>
  <date>2019-09-11T13:36:44</date>
  <millis>1568227004800</millis>
  <sequence>0</sequence>
  <level>START</level>
  <class>com.kms.katalon.core.logging.XmlKeywordLogger</class>
  <method>startSuite</method>
  <thread>1</thread>
  <message>Start Test Suite : Test Suites/Login</message>
  <nestedLevel>0</nestedLevel>
  <property name="name">Login</property>
  <property name="description"></property>
  <property name="id">Test Suites/Login</property>
</record>
<record>
  <date>2019-09-11T13:36:44</date>
  <millis>1568227004811</millis>
  <sequence>1</sequence>
  <level>RUN_DATA</level>
  <class>com.kms.katalon.core.logging.XmlKeywordLogger</class>
  <method>logMessage</method>
  <thread>1</thread>
  <message>hostName = taylor.sablowsky - LAPTOP1046.nrccua-hq.local</message>
  <nestedLevel>0</nestedLevel>
  <property name="hostName">taylor.sablowsky - LAPTOP1046.nrccua-hq.local</property>
</record>
<record>
  <date>2019-09-11T13:36:44</date>
  <millis>1568227004812</millis>
  <sequence>2</sequence>
  <level>RUN_DATA</level>
  <class>com.kms.katalon.core.logging.XmlKeywordLogger</class>
  <method>logMessage</method>
  <thread>1</thread>
  <message>os = Windows 10 64bit</message>
  <nestedLevel>0</nestedLevel>
  <property name="os">Windows 10 64bit</property>
</record>
<record>
  <date>2019-09-11T13:36:44</date>
  <millis>1568227004812</millis>
  <sequence>3</sequence>
  <level>RUN_DATA</level>
  <class>com.kms.katalon.core.logging.XmlKeywordLogger</class>
  <method>logMessage</method>
  <thread>1</thread>
  <message>hostAddress = 192.168.150.244</message>
  <nestedLevel>0</nestedLevel>
  <property name="hostAddress">192.168.150.244</property>
</record>
<record>
  <date>2019-09-11T13:36:44</date>
  <millis>1568227004812</millis>
  <sequence>4</sequence>
  <level>RUN_DATA</level>
  <class>com.kms.katalon.core.logging.XmlKeywordLogger</class>
  <method>logMessage</method>
  <thread>1</thread>
  <message>katalonVersion = 6.2.1.3</message>
  <nestedLevel>0</nestedLevel>
  <property name="katalonVersion">6.2.1.3</property>
</record>
<record>
  <date>2019-09-11T13:36:44</date>
  <millis>1568227004963</millis>
  <sequence>5</sequence>
  <level>START</level>
  <class>com.kms.katalon.core.logging.XmlKeywordLogger</class>
  <method>startTest</method>
  <thread>1</thread>
  <message>Start Test Case : Test Cases/Login/MO001_LoginA_ValidLogin_200ok</message>
  <nestedLevel>1</nestedLevel>
  <property name="name">Test Cases/Login/MO001_LoginA_ValidLogin_200ok</property>
  <property name="description"></property>
  <property name="id">Test Cases/Login/MO001_LoginA_ValidLogin_200ok</property>
  <property name="source">C:\\Users\\taylor.sablowsky\\Katalon\\Katalon_Automation_MyOptionsAPI_Official\\Test Cases\\Login\\MO001_LoginA_ValidLogin_200ok.tc</property>
  <property name="tag"></property>
  <property name="isOptional">false</property>
</record>
<record>
  <date>2019-09-11T13:36:45</date>
  <millis>1568227005250</millis>
  <sequence>7</sequence>
  <level>START</level>
  <class>com.kms.katalon.core.logging.XmlKeywordLogger</class>
  <method>startKeyword</method>
  <thread>1</thread>
  <message>Start action : response1 = sendRequestAndVerify(findTestObject(\&amp;quot;Helpers/Login/Helper_MO_Login\&amp;quot;, [\&amp;quot;G_Login_Username\&amp;quot;:G_Login_Username_MO, \&amp;quot;G_Login_Password\&amp;quot;:G_Login_Password_MO, \&amp;quot;G_API_URL_LOGIN\&amp;quot;:G_API_URL_LOGIN]))</message>
  <nestedLevel>1</nestedLevel>
  <property name="startLine">29</property>
  <property name="stepIndex">1</property>
</record>
<record>
  <date>2019-09-11T13:36:47</date>
  <millis>1568227007356</millis>
  <sequence>11</sequence>
  <level>START</level>
  <class>com.kms.katalon.core.logging.XmlKeywordLogger</class>
  <method>startTest</method>
  <thread>1</thread>
  <message>Start Test Case : Verification</message>
  <nestedLevel>2</nestedLevel>
</record>
<record>
  <date>2019-09-11T13:36:47</date>
  <millis>1568227007501</millis>
  <sequence>12</sequence>
  <level>START</level>
  <class>com.kms.katalon.core.logging.XmlKeywordLogger</class>
  <method>startKeyword</method>
  <thread>1</thread>
  <message>Start action : request = getInstance().getCurrentRequest()</message>
  <nestedLevel>1</nestedLevel>
  <property name="startLine">11</property>
  <property name="stepIndex">1</property>
</record>
<record>
  <date>2019-09-11T13:36:47</date>
  <millis>1568227007551</millis>
  <sequence>13</sequence>
  <level>END</level>
  <class>com.kms.katalon.core.logging.XmlKeywordLogger</class>
  <method>endKeyword</method>
  <thread>1</thread>
  <message>End action : request = getInstance().getCurrentRequest()</message>
  <nestedLevel>1</nestedLevel>
</record>
<record>
  <date>2019-09-11T13:36:47</date>
  <millis>1568227007552</millis>
  <sequence>14</sequence>
  <level>START</level>
  <class>com.kms.katalon.core.logging.XmlKeywordLogger</class>
  <method>startKeyword</method>
  <thread>1</thread>
  <message>Start action : response = getInstance().getCurrentResponse()</message>
  <nestedLevel>1</nestedLevel>
  <property name="startLine">13</property>
  <property name="stepIndex">2</property>
</record>
<record>
  <date>2019-09-11T13:36:47</date>
  <millis>1568227007553</millis>
  <sequence>15</sequence>
  <level>END</level>
  <class>com.kms.katalon.core.logging.XmlKeywordLogger</class>
  <method>endKeyword</method>
  <thread>1</thread>
  <message>End action : response = getInstance().getCurrentResponse()</message>
  <nestedLevel>1</nestedLevel>
</record>
<record>
  <date>2019-09-11T13:36:47</date>
  <millis>1568227007553</millis>
  <sequence>16</sequence>
  <level>START</level>
  <class>com.kms.katalon.core.logging.XmlKeywordLogger</class>
  <method>startKeyword</method>
  <thread>1</thread>
  <message>Start action : verifyResponseStatusCode(response, 200)</message>
  <nestedLevel>1</nestedLevel>
  <property name="startLine">16</property>
  <property name="stepIndex">3</property>
</record>
<record>
  <date>2019-09-11T13:36:47</date>
  <millis>1568227007562</millis>
  <sequence>18</sequence>
  <level>PASSED</level>
  <class>com.kms.katalon.core.logging.XmlKeywordLogger</class>
  <method>logMessage</method>
  <thread>1</thread>
  <message>Verify response status code successfully</message>
  <nestedLevel>2</nestedLevel>
</record>
<record>
  <date>2019-09-11T13:36:47</date>
  <millis>1568227007562</millis>
  <sequence>19</sequence>
  <level>END</level>
  <class>com.kms.katalon.core.logging.XmlKeywordLogger</class>
  <method>endKeyword</method>
  <thread>1</thread>
  <message>End action : verifyResponseStatusCode(response, 200)</message>
  <nestedLevel>1</nestedLevel>
</record>
<record>
  <date>2019-09-11T13:36:47</date>
  <millis>1568227007563</millis>
  <sequence>20</sequence>
  <level>START</level>
  <class>com.kms.katalon.core.logging.XmlKeywordLogger</class>
  <method>startKeyword</method>
  <thread>1</thread>
  <message>Start action : getStatusCode()).isEqualTo(200)</message>
  <nestedLevel>1</nestedLevel>
  <property name="startLine">18</property>
  <property name="stepIndex">4</property>
</record>
<record>
  <date>2019-09-11T13:36:47</date>
  <millis>1568227007624</millis>
  <sequence>21</sequence>
  <level>END</level>
  <class>com.kms.katalon.core.logging.XmlKeywordLogger</class>
  <method>endKeyword</method>
  <thread>1</thread>
  <message>End action : getStatusCode()).isEqualTo(200)</message>
  <nestedLevel>1</nestedLevel>
</record>
<record>
  <date>2019-09-11T13:36:47</date>
  <millis>1568227007625</millis>
  <sequence>22</sequence>
  <level>START</level>
  <class>com.kms.katalon.core.logging.XmlKeywordLogger</class>
  <method>startKeyword</method>
  <thread>1</thread>
  <message>Start action : getResponseText()).contains(\&amp;quot;id\&amp;quot;)</message>
  <nestedLevel>1</nestedLevel>
  <property name="startLine">25</property>
  <property name="stepIndex">5</property>
</record>
<record>
  <date>2019-09-11T13:36:47</date>
  <millis>1568227007636</millis>
  <sequence>23</sequence>
  <level>END</level>
  <class>com.kms.katalon.core.logging.XmlKeywordLogger</class>
  <method>endKeyword</method>
  <thread>1</thread>
  <message>End action : getResponseText()).contains(\&amp;quot;id\&amp;quot;)</message>
  <nestedLevel>1</nestedLevel>
</record>
<record>
  <date>2019-09-11T13:36:47</date>
  <millis>1568227007637</millis>
  <sequence>24</sequence>
  <level>START</level>
  <class>com.kms.katalon.core.logging.XmlKeywordLogger</class>
  <method>startKeyword</method>
  <thread>1</thread>
  <message>Start action : getResponseText()).contains(\&amp;quot;student_key\&amp;quot;)</message>
  <nestedLevel>1</nestedLevel>
  <property name="startLine">28</property>
  <property name="stepIndex">6</property>
</record>
<record>
  <date>2019-09-11T13:36:47</date>
  <millis>1568227007638</millis>
  <sequence>25</sequence>
  <level>END</level>
  <class>com.kms.katalon.core.logging.XmlKeywordLogger</class>
  <method>endKeyword</method>
  <thread>1</thread>
  <message>End action : getResponseText()).contains(\&amp;quot;student_key\&amp;quot;)</message>
  <nestedLevel>1</nestedLevel>
</record>
<record>
  <date>2019-09-11T13:36:47</date>
  <millis>1568227007638</millis>
  <sequence>26</sequence>
  <level>START</level>
  <class>com.kms.katalon.core.logging.XmlKeywordLogger</class>
  <method>startKeyword</method>
  <thread>1</thread>
  <message>Start action : getResponseText()).contains(\&amp;quot;created_at\&amp;quot;)</message>
  <nestedLevel>1</nestedLevel>
  <property name="startLine">31</property>
  <property name="stepIndex">7</property>
</record>
<record>
  <date>2019-09-11T13:36:47</date>
  <millis>1568227007639</millis>
  <sequence>27</sequence>
  <level>END</level>
  <class>com.kms.katalon.core.logging.XmlKeywordLogger</class>
  <method>endKeyword</method>
  <thread>1</thread>
  <message>End action : getResponseText()).contains(\&amp;quot;created_at\&amp;quot;)</message>
  <nestedLevel>1</nestedLevel>
</record>
<record>
  <date>2019-09-11T13:36:47</date>
  <millis>1568227007639</millis>
  <sequence>28</sequence>
  <level>START</level>
  <class>com.kms.katalon.core.logging.XmlKeywordLogger</class>
  <method>startKeyword</method>
  <thread>1</thread>
  <message>Start action : getResponseText()).contains(\&amp;quot;updated_at\&amp;quot;)</message>
  <nestedLevel>1</nestedLevel>
  <property name="startLine">34</property>
  <property name="stepIndex">8</property>
</record>
<record>
  <date>2019-09-11T13:36:47</date>
  <millis>1568227007640</millis>
  <sequence>29</sequence>
  <level>END</level>
  <class>com.kms.katalon.core.logging.XmlKeywordLogger</class>
  <method>endKeyword</method>
  <thread>1</thread>
  <message>End action : getResponseText()).contains(\&amp;quot;updated_at\&amp;quot;)</message>
  <nestedLevel>1</nestedLevel>
</record>
<record>
  <date>2019-09-11T13:36:47</date>
  <millis>1568227007640</millis>
  <sequence>30</sequence>
  <level>START</level>
  <class>com.kms.katalon.core.logging.XmlKeywordLogger</class>
  <method>startKeyword</method>
  <thread>1</thread>
  <message>Start action : getResponseText()).contains(\&amp;quot;username\&amp;quot;)</message>
  <nestedLevel>1</nestedLevel>
  <property name="startLine">37</property>
  <property name="stepIndex">9</property>
</record>
<record>
  <date>2019-09-11T13:36:47</date>
  <millis>1568227007641</millis>
  <sequence>31</sequence>
  <level>END</level>
  <class>com.kms.katalon.core.logging.XmlKeywordLogger</class>
  <method>endKeyword</method>
  <thread>1</thread>
  <message>End action : getResponseText()).contains(\&amp;quot;username\&amp;quot;)</message>
  <nestedLevel>1</nestedLevel>
</record>
<record>
  <date>2019-09-11T13:36:47</date>
  <millis>1568227007641</millis>
  <sequence>32</sequence>
  <level>START</level>
  <class>com.kms.katalon.core.logging.XmlKeywordLogger</class>
  <method>startKeyword</method>
  <thread>1</thread>
  <message>Start action : getResponseText()).contains(\&amp;quot;email\&amp;quot;)</message>
  <nestedLevel>1</nestedLevel>
  <property name="startLine">40</property>
  <property name="stepIndex">10</property>
</record>
<record>
  <date>2019-09-11T13:36:47</date>
  <millis>1568227007642</millis>
  <sequence>33</sequence>
  <level>END</level>
  <class>com.kms.katalon.core.logging.XmlKeywordLogger</class>
  <method>endKeyword</method>
  <thread>1</thread>
  <message>End action : getResponseText()).contains(\&amp;quot;email\&amp;quot;)</message>
  <nestedLevel>1</nestedLevel>
</record>
<record>
  <date>2019-09-11T13:36:47</date>
  <millis>1568227007642</millis>
  <sequence>34</sequence>
  <level>START</level>
  <class>com.kms.katalon.core.logging.XmlKeywordLogger</class>
  <method>startKeyword</method>
  <thread>1</thread>
  <message>Start action : getResponseText()).contains(\&amp;quot;school_id\&amp;quot;)</message>
  <nestedLevel>1</nestedLevel>
  <property name="startLine">43</property>
  <property name="stepIndex">11</property>
</record>
<record>
  <date>2019-09-11T13:36:47</date>
  <millis>1568227007643</millis>
  <sequence>35</sequence>
  <level>END</level>
  <class>com.kms.katalon.core.logging.XmlKeywordLogger</class>
  <method>endKeyword</method>
  <thread>1</thread>
  <message>End action : getResponseText()).contains(\&amp;quot;school_id\&amp;quot;)</message>
  <nestedLevel>1</nestedLevel>
</record>
<record>
  <date>2019-09-11T13:36:47</date>
  <millis>1568227007643</millis>
  <sequence>36</sequence>
  <level>START</level>
  <class>com.kms.katalon.core.logging.XmlKeywordLogger</class>
  <method>startKeyword</method>
  <thread>1</thread>
  <message>Start action : getResponseText()).contains(\&amp;quot;email_verified_at\&amp;quot;)</message>
  <nestedLevel>1</nestedLevel>
  <property name="startLine">46</property>
  <property name="stepIndex">12</property>
</record>
<record>
  <date>2019-09-11T13:36:47</date>
  <millis>1568227007644</millis>
  <sequence>37</sequence>
  <level>END</level>
  <class>com.kms.katalon.core.logging.XmlKeywordLogger</class>
  <method>endKeyword</method>
  <thread>1</thread>
  <message>End action : getResponseText()).contains(\&amp;quot;email_verified_at\&amp;quot;)</message>
  <nestedLevel>1</nestedLevel>
</record>
<record>
  <date>2019-09-11T13:36:47</date>
  <millis>1568227007645</millis>
  <sequence>38</sequence>
  <level>START</level>
  <class>com.kms.katalon.core.logging.XmlKeywordLogger</class>
  <method>startKeyword</method>
  <thread>1</thread>
  <message>Start action : getResponseText()).contains(\&amp;quot;is_school_verified\&amp;quot;)</message>
  <nestedLevel>1</nestedLevel>
  <property name="startLine">49</property>
  <property name="stepIndex">13</property>
</record>
<record>
  <date>2019-09-11T13:36:47</date>
  <millis>1568227007645</millis>
  <sequence>39</sequence>
  <level>END</level>
  <class>com.kms.katalon.core.logging.XmlKeywordLogger</class>
  <method>endKeyword</method>
  <thread>1</thread>
  <message>End action : getResponseText()).contains(\&amp;quot;is_school_verified\&amp;quot;)</message>
  <nestedLevel>1</nestedLevel>
</record>
<record>
  <date>2019-09-11T13:36:47</date>
  <millis>1568227007645</millis>
  <sequence>40</sequence>
  <level>START</level>
  <class>com.kms.katalon.core.logging.XmlKeywordLogger</class>
  <method>startKeyword</method>
  <thread>1</thread>
  <message>Start action : getResponseText()).contains(\&amp;quot;bearer_token\&amp;quot;)</message>
  <nestedLevel>1</nestedLevel>
  <property name="startLine">52</property>
  <property name="stepIndex">14</property>
</record>
<record>
  <date>2019-09-11T13:36:47</date>
  <millis>1568227007646</millis>
  <sequence>41</sequence>
  <level>END</level>
  <class>com.kms.katalon.core.logging.XmlKeywordLogger</class>
  <method>endKeyword</method>
  <thread>1</thread>
  <message>End action : getResponseText()).contains(\&amp;quot;bearer_token\&amp;quot;)</message>
  <nestedLevel>1</nestedLevel>
</record>
<record>
  <date>2019-09-11T13:36:47</date>
  <millis>1568227007647</millis>
  <sequence>42</sequence>
  <level>START</level>
  <class>com.kms.katalon.core.logging.XmlKeywordLogger</class>
  <method>startKeyword</method>
  <thread>1</thread>
  <message>Start action : getResponseText()).contains(\&amp;quot;update_increment\&amp;quot;)</message>
  <nestedLevel>1</nestedLevel>
  <property name="startLine">55</property>
  <property name="stepIndex">15</property>
</record>
<record>
  <date>2019-09-11T13:36:47</date>
  <millis>1568227007648</millis>
  <sequence>43</sequence>
  <level>END</level>
  <class>com.kms.katalon.core.logging.XmlKeywordLogger</class>
  <method>endKeyword</method>
  <thread>1</thread>
  <message>End action : getResponseText()).contains(\&amp;quot;update_increment\&amp;quot;)</message>
  <nestedLevel>1</nestedLevel>
</record>
<record>
  <date>2019-09-11T13:36:47</date>
  <millis>1568227007648</millis>
  <sequence>44</sequence>
  <level>START</level>
  <class>com.kms.katalon.core.logging.XmlKeywordLogger</class>
  <method>startKeyword</method>
  <thread>1</thread>
  <message>Start action : getResponseText()).contains(\&amp;quot;facebook_id\&amp;quot;)</message>
  <nestedLevel>1</nestedLevel>
  <property name="startLine">58</property>
  <property name="stepIndex">16</property>
</record>
<record>
  <date>2019-09-11T13:36:47</date>
  <millis>1568227007649</millis>
  <sequence>45</sequence>
  <level>END</level>
  <class>com.kms.katalon.core.logging.XmlKeywordLogger</class>
  <method>endKeyword</method>
  <thread>1</thread>
  <message>End action : getResponseText()).contains(\&amp;quot;facebook_id\&amp;quot;)</message>
  <nestedLevel>1</nestedLevel>
</record>
<record>
  <date>2019-09-11T13:36:47</date>
  <millis>1568227007649</millis>
  <sequence>46</sequence>
  <level>START</level>
  <class>com.kms.katalon.core.logging.XmlKeywordLogger</class>
  <method>startKeyword</method>
  <thread>1</thread>
  <message>Start action : getResponseText()).contains(\&amp;quot;twitter_id\&amp;quot;)</message>
  <nestedLevel>1</nestedLevel>
  <property name="startLine">61</property>
  <property name="stepIndex">17</property>
</record>
<record>
  <date>2019-09-11T13:36:47</date>
  <millis>1568227007650</millis>
  <sequence>47</sequence>
  <level>END</level>
  <class>com.kms.katalon.core.logging.XmlKeywordLogger</class>
  <method>endKeyword</method>
  <thread>1</thread>
  <message>End action : getResponseText()).contains(\&amp;quot;twitter_id\&amp;quot;)</message>
  <nestedLevel>1</nestedLevel>
</record>
<record>
  <date>2019-09-11T13:36:47</date>
  <millis>1568227007650</millis>
  <sequence>48</sequence>
  <level>START</level>
  <class>com.kms.katalon.core.logging.XmlKeywordLogger</class>
  <method>startKeyword</method>
  <thread>1</thread>
  <message>Start action : getResponseText()).contains(\&amp;quot;is_profile_public\&amp;quot;)</message>
  <nestedLevel>1</nestedLevel>
  <property name="startLine">64</property>
  <property name="stepIndex">18</property>
</record>
<record>
  <date>2019-09-11T13:36:47</date>
  <millis>1568227007651</millis>
  <sequence>49</sequence>
  <level>END</level>
  <class>com.kms.katalon.core.logging.XmlKeywordLogger</class>
  <method>endKeyword</method>
  <thread>1</thread>
  <message>End action : getResponseText()).contains(\&amp;quot;is_profile_public\&amp;quot;)</message>
  <nestedLevel>1</nestedLevel>
</record>
<record>
  <date>2019-09-11T13:36:47</date>
  <millis>1568227007651</millis>
  <sequence>50</sequence>
  <level>START</level>
  <class>com.kms.katalon.core.logging.XmlKeywordLogger</class>
  <method>startKeyword</method>
  <thread>1</thread>
  <message>Start action : getResponseText()).contains(\&amp;quot;tos_agreed_at\&amp;quot;)</message>
  <nestedLevel>1</nestedLevel>
  <property name="startLine">67</property>
  <property name="stepIndex">19</property>
</record>
<record>
  <date>2019-09-11T13:36:47</date>
  <millis>1568227007651</millis>
  <sequence>51</sequence>
  <level>END</level>
  <class>com.kms.katalon.core.logging.XmlKeywordLogger</class>
  <method>endKeyword</method>
  <thread>1</thread>
  <message>End action : getResponseText()).contains(\&amp;quot;tos_agreed_at\&amp;quot;)</message>
  <nestedLevel>1</nestedLevel>
</record>
<record>
  <date>2019-09-11T13:36:47</date>
  <millis>1568227007652</millis>
  <sequence>52</sequence>
  <level>START</level>
  <class>com.kms.katalon.core.logging.XmlKeywordLogger</class>
  <method>startKeyword</method>
  <thread>1</thread>
  <message>Start action : getResponseText()).contains(\&amp;quot;gpa\&amp;quot;)</message>
  <nestedLevel>1</nestedLevel>
  <property name="startLine">70</property>
  <property name="stepIndex">20</property>
</record>
<record>
  <date>2019-09-11T13:36:47</date>
  <millis>1568227007653</millis>
  <sequence>53</sequence>
  <level>END</level>
  <class>com.kms.katalon.core.logging.XmlKeywordLogger</class>
  <method>endKeyword</method>
  <thread>1</thread>
  <message>End action : getResponseText()).contains(\&amp;quot;gpa\&amp;quot;)</message>
  <nestedLevel>1</nestedLevel>
</record>
<record>
  <date>2019-09-11T13:36:47</date>
  <millis>1568227007653</millis>
  <sequence>54</sequence>
  <level>START</level>
  <class>com.kms.katalon.core.logging.XmlKeywordLogger</class>
  <method>startKeyword</method>
  <thread>1</thread>
  <message>Start action : getResponseText()).contains(\&amp;quot;admittedly_score\&amp;quot;)</message>
  <nestedLevel>1</nestedLevel>
  <property name="startLine">73</property>
  <property name="stepIndex">21</property>
</record>
<record>
  <date>2019-09-11T13:36:47</date>
  <millis>1568227007654</millis>
  <sequence>55</sequence>
  <level>END</level>
  <class>com.kms.katalon.core.logging.XmlKeywordLogger</class>
  <method>endKeyword</method>
  <thread>1</thread>
  <message>End action : getResponseText()).contains(\&amp;quot;admittedly_score\&amp;quot;)</message>
  <nestedLevel>1</nestedLevel>
</record>
<record>
  <date>2019-09-11T13:36:47</date>
  <millis>1568227007655</millis>
  <sequence>56</sequence>
  <level>START</level>
  <class>com.kms.katalon.core.logging.XmlKeywordLogger</class>
  <method>startKeyword</method>
  <thread>1</thread>
  <message>Start action : getResponseText()).contains(\&amp;quot;is_tutorial_completed\&amp;quot;)</message>
  <nestedLevel>1</nestedLevel>
  <property name="startLine">76</property>
  <property name="stepIndex">22</property>
</record>
<record>
  <date>2019-09-11T13:36:47</date>
  <millis>1568227007655</millis>
  <sequence>57</sequence>
  <level>END</level>
  <class>com.kms.katalon.core.logging.XmlKeywordLogger</class>
  <method>endKeyword</method>
  <thread>1</thread>
  <message>End action : getResponseText()).contains(\&amp;quot;is_tutorial_completed\&amp;quot;)</message>
  <nestedLevel>1</nestedLevel>
</record>
<record>
  <date>2019-09-11T13:36:47</date>
  <millis>1568227007655</millis>
  <sequence>58</sequence>
  <level>START</level>
  <class>com.kms.katalon.core.logging.XmlKeywordLogger</class>
  <method>startKeyword</method>
  <thread>1</thread>
  <message>Start action : getResponseText()).contains(\&amp;quot;tutorial_step\&amp;quot;)</message>
  <nestedLevel>1</nestedLevel>
  <property name="startLine">79</property>
  <property name="stepIndex">23</property>
</record>
<record>
  <date>2019-09-11T13:36:47</date>
  <millis>1568227007656</millis>
  <sequence>59</sequence>
  <level>END</level>
  <class>com.kms.katalon.core.logging.XmlKeywordLogger</class>
  <method>endKeyword</method>
  <thread>1</thread>
  <message>End action : getResponseText()).contains(\&amp;quot;tutorial_step\&amp;quot;)</message>
  <nestedLevel>1</nestedLevel>
</record>
<record>
  <date>2019-09-11T13:36:47</date>
  <millis>1568227007656</millis>
  <sequence>60</sequence>
  <level>START</level>
  <class>com.kms.katalon.core.logging.XmlKeywordLogger</class>
  <method>startKeyword</method>
  <thread>1</thread>
  <message>Start action : getResponseText()).contains(\&amp;quot;preferences\&amp;quot;)</message>
  <nestedLevel>1</nestedLevel>
  <property name="startLine">82</property>
  <property name="stepIndex">24</property>
</record>
<record>
  <date>2019-09-11T13:36:47</date>
  <millis>1568227007657</millis>
  <sequence>61</sequence>
  <level>END</level>
  <class>com.kms.katalon.core.logging.XmlKeywordLogger</class>
  <method>endKeyword</method>
  <thread>1</thread>
  <message>End action : getResponseText()).contains(\&amp;quot;preferences\&amp;quot;)</message>
  <nestedLevel>1</nestedLevel>
</record>
<record>
  <date>2019-09-11T13:36:47</date>
  <millis>1568227007658</millis>
  <sequence>62</sequence>
  <level>START</level>
  <class>com.kms.katalon.core.logging.XmlKeywordLogger</class>
  <method>startKeyword</method>
  <thread>1</thread>
  <message>Start action : getResponseText()).contains(\&amp;quot;personal_color\&amp;quot;)</message>
  <nestedLevel>1</nestedLevel>
  <property name="startLine">85</property>
  <property name="stepIndex">25</property>
</record>
<record>
  <date>2019-09-11T13:36:47</date>
  <millis>1568227007658</millis>
  <sequence>63</sequence>
  <level>END</level>
  <class>com.kms.katalon.core.logging.XmlKeywordLogger</class>
  <method>endKeyword</method>
  <thread>1</thread>
  <message>End action : getResponseText()).contains(\&amp;quot;personal_color\&amp;quot;)</message>
  <nestedLevel>1</nestedLevel>
</record>
<record>
  <date>2019-09-11T13:36:47</date>
  <millis>1568227007659</millis>
  <sequence>64</sequence>
  <level>START</level>
  <class>com.kms.katalon.core.logging.XmlKeywordLogger</class>
  <method>startKeyword</method>
  <thread>1</thread>
  <message>Start action : getResponseText()).contains(\&amp;quot;profile\&amp;quot;)</message>
  <nestedLevel>1</nestedLevel>
  <property name="startLine">88</property>
  <property name="stepIndex">26</property>
</record>
<record>
  <date>2019-09-11T13:36:47</date>
  <millis>1568227007659</millis>
  <sequence>65</sequence>
  <level>END</level>
  <class>com.kms.katalon.core.logging.XmlKeywordLogger</class>
  <method>endKeyword</method>
  <thread>1</thread>
  <message>End action : getResponseText()).contains(\&amp;quot;profile\&amp;quot;)</message>
  <nestedLevel>1</nestedLevel>
</record>
<record>
  <date>2019-09-11T13:36:47</date>
  <millis>1568227007659</millis>
  <sequence>66</sequence>
  <level>START</level>
  <class>com.kms.katalon.core.logging.XmlKeywordLogger</class>
  <method>startKeyword</method>
  <thread>1</thread>
  <message>Start action : getResponseText()).contains(\&amp;quot;profile_completion\&amp;quot;)</message>
  <nestedLevel>1</nestedLevel>
  <property name="startLine">91</property>
  <property name="stepIndex">27</property>
</record>
<record>
  <date>2019-09-11T13:36:47</date>
  <millis>1568227007660</millis>
  <sequence>67</sequence>
  <level>END</level>
  <class>com.kms.katalon.core.logging.XmlKeywordLogger</class>
  <method>endKeyword</method>
  <thread>1</thread>
  <message>End action : getResponseText()).contains(\&amp;quot;profile_completion\&amp;quot;)</message>
  <nestedLevel>1</nestedLevel>
</record>
<record>
  <date>2019-09-11T13:36:47</date>
  <millis>1568227007660</millis>
  <sequence>68</sequence>
  <level>START</level>
  <class>com.kms.katalon.core.logging.XmlKeywordLogger</class>
  <method>startKeyword</method>
  <thread>1</thread>
  <message>Start action : getResponseText()).contains(\&amp;quot;personal_story\&amp;quot;)</message>
  <nestedLevel>1</nestedLevel>
  <property name="startLine">94</property>
  <property name="stepIndex">28</property>
</record>
<record>
  <date>2019-09-11T13:36:47</date>
  <millis>1568227007661</millis>
  <sequence>69</sequence>
  <level>END</level>
  <class>com.kms.katalon.core.logging.XmlKeywordLogger</class>
  <method>endKeyword</method>
  <thread>1</thread>
  <message>End action : getResponseText()).contains(\&amp;quot;personal_story\&amp;quot;)</message>
  <nestedLevel>1</nestedLevel>
</record>
<record>
  <date>2019-09-11T13:36:47</date>
  <millis>1568227007661</millis>
  <sequence>70</sequence>
  <level>START</level>
  <class>com.kms.katalon.core.logging.XmlKeywordLogger</class>
  <method>startKeyword</method>
  <thread>1</thread>
  <message>Start action : getResponseText()).contains(\&amp;quot;subscription_expires_at\&amp;quot;)</message>
  <nestedLevel>1</nestedLevel>
  <property name="startLine">97</property>
  <property name="stepIndex">29</property>
</record>
<record>
  <date>2019-09-11T13:36:47</date>
  <millis>1568227007662</millis>
  <sequence>71</sequence>
  <level>END</level>
  <class>com.kms.katalon.core.logging.XmlKeywordLogger</class>
  <method>endKeyword</method>
  <thread>1</thread>
  <message>End action : getResponseText()).contains(\&amp;quot;subscription_expires_at\&amp;quot;)</message>
  <nestedLevel>1</nestedLevel>
</record>
<record>
  <date>2019-09-11T13:36:47</date>
  <millis>1568227007662</millis>
  <sequence>72</sequence>
  <level>START</level>
  <class>com.kms.katalon.core.logging.XmlKeywordLogger</class>
  <method>startKeyword</method>
  <thread>1</thread>
  <message>Start action : getResponseText()).contains(\&amp;quot;referred_by_code\&amp;quot;)</message>
  <nestedLevel>1</nestedLevel>
  <property name="startLine">100</property>
  <property name="stepIndex">30</property>
</record>
<record>
  <date>2019-09-11T13:36:47</date>
  <millis>1568227007663</millis>
  <sequence>73</sequence>
  <level>END</level>
  <class>com.kms.katalon.core.logging.XmlKeywordLogger</class>
  <method>endKeyword</method>
  <thread>1</thread>
  <message>End action : getResponseText()).contains(\&amp;quot;referred_by_code\&amp;quot;)</message>
  <nestedLevel>1</nestedLevel>
</record>
<record>
  <date>2019-09-11T13:36:47</date>
  <millis>1568227007663</millis>
  <sequence>74</sequence>
  <level>START</level>
  <class>com.kms.katalon.core.logging.XmlKeywordLogger</class>
  <method>startKeyword</method>
  <thread>1</thread>
  <message>Start action : getResponseText()).contains(\&amp;quot;date_of_birth\&amp;quot;)</message>
  <nestedLevel>1</nestedLevel>
  <property name="startLine">103</property>
  <property name="stepIndex">31</property>
</record>
<record>
  <date>2019-09-11T13:36:47</date>
  <millis>1568227007664</millis>
  <sequence>75</sequence>
  <level>END</level>
  <class>com.kms.katalon.core.logging.XmlKeywordLogger</class>
  <method>endKeyword</method>
  <thread>1</thread>
  <message>End action : getResponseText()).contains(\&amp;quot;date_of_birth\&amp;quot;)</message>
  <nestedLevel>1</nestedLevel>
</record>
<record>
  <date>2019-09-11T13:36:47</date>
  <millis>1568227007664</millis>
  <sequence>76</sequence>
  <level>START</level>
  <class>com.kms.katalon.core.logging.XmlKeywordLogger</class>
  <method>startKeyword</method>
  <thread>1</thread>
  <message>Start action : getResponseText()).contains(\&amp;quot;from_mo\&amp;quot;)</message>
  <nestedLevel>1</nestedLevel>
  <property name="startLine">106</property>
  <property name="stepIndex">32</property>
</record>
<record>
  <date>2019-09-11T13:36:47</date>
  <millis>1568227007664</millis>
  <sequence>77</sequence>
  <level>END</level>
  <class>com.kms.katalon.core.logging.XmlKeywordLogger</class>
  <method>endKeyword</method>
  <thread>1</thread>
  <message>End action : getResponseText()).contains(\&amp;quot;from_mo\&amp;quot;)</message>
  <nestedLevel>1</nestedLevel>
</record>
<record>
  <date>2019-09-11T13:36:47</date>
  <millis>1568227007665</millis>
  <sequence>78</sequence>
  <level>START</level>
  <class>com.kms.katalon.core.logging.XmlKeywordLogger</class>
  <method>startKeyword</method>
  <thread>1</thread>
  <message>Start action : getResponseText()).contains(\&amp;quot;old_password_format\&amp;quot;)</message>
  <nestedLevel>1</nestedLevel>
  <property name="startLine">109</property>
  <property name="stepIndex">33</property>
</record>
<record>
  <date>2019-09-11T13:36:47</date>
  <millis>1568227007665</millis>
  <sequence>79</sequence>
  <level>END</level>
  <class>com.kms.katalon.core.logging.XmlKeywordLogger</class>
  <method>endKeyword</method>
  <thread>1</thread>
  <message>End action : getResponseText()).contains(\&amp;quot;old_password_format\&amp;quot;)</message>
  <nestedLevel>1</nestedLevel>
</record>
<record>
  <date>2019-09-11T13:36:47</date>
  <millis>1568227007665</millis>
  <sequence>80</sequence>
  <level>PASSED</level>
  <class>com.kms.katalon.core.logging.XmlKeywordLogger</class>
  <method>logMessage</method>
  <thread>1</thread>
  <message>Verification accomplished successfully</message>
  <nestedLevel>2</nestedLevel>
</record>
<record>
  <date>2019-09-11T13:36:47</date>
  <millis>1568227007666</millis>
  <sequence>81</sequence>
  <level>END</level>
  <class>com.kms.katalon.core.logging.XmlKeywordLogger</class>
  <method>endTest</method>
  <thread>1</thread>
  <message>End Test Case : Verification</message>
  <nestedLevel>1</nestedLevel>
</record>
<record>
  <date>2019-09-11T13:36:47</date>
  <millis>1568227007671</millis>
  <sequence>82</sequence>
  <level>PASSED</level>
  <class>com.kms.katalon.core.logging.XmlKeywordLogger</class>
  <method>logMessage</method>
  <thread>1</thread>
  <message>Verify response successfully</message>
  <nestedLevel>1</nestedLevel>
</record>
<record>
  <date>2019-09-11T13:36:47</date>
  <millis>1568227007671</millis>
  <sequence>83</sequence>
  <level>PASSED</level>
  <class>com.kms.katalon.core.logging.XmlKeywordLogger</class>
  <method>logMessage</method>
  <thread>1</thread>
  <message>Send request and verify the response successfully</message>
  <nestedLevel>1</nestedLevel>
</record>
<record>
  <date>2019-09-11T13:36:47</date>
  <millis>1568227007672</millis>
  <sequence>84</sequence>
  <level>END</level>
  <class>com.kms.katalon.core.logging.XmlKeywordLogger</class>
  <method>endKeyword</method>
  <thread>1</thread>
  <message>End action : response1 = sendRequestAndVerify(findTestObject(\&amp;quot;Helpers/Login/Helper_MO_Login\&amp;quot;, [\&amp;quot;G_Login_Username\&amp;quot;:G_Login_Username_MO, \&amp;quot;G_Login_Password\&amp;quot;:G_Login_Password_MO, \&amp;quot;G_API_URL_LOGIN\&amp;quot;:G_API_URL_LOGIN]))</message>
  <nestedLevel>1</nestedLevel>
</record>
<record>
  <date>2019-09-11T13:36:47</date>
  <millis>1568227007672</millis>
  <sequence>85</sequence>
  <level>START</level>
  <class>com.kms.katalon.core.logging.XmlKeywordLogger</class>
  <method>startKeyword</method>
  <thread>1</thread>
  <message>Start action : response2 = JsonSlurper().parseText(response1.getResponseText())</message>
  <nestedLevel>1</nestedLevel>
  <property name="startLine">35</property>
  <property name="stepIndex">2</property>
</record>
<record>
  <date>2019-09-11T13:36:47</date>
  <millis>1568227007687</millis>
  <sequence>86</sequence>
  <level>END</level>
  <class>com.kms.katalon.core.logging.XmlKeywordLogger</class>
  <method>endKeyword</method>
  <thread>1</thread>
  <message>End action : response2 = JsonSlurper().parseText(response1.getResponseText())</message>
  <nestedLevel>1</nestedLevel>
</record>
<record>
  <date>2019-09-11T13:36:47</date>
  <millis>1568227007687</millis>
  <sequence>87</sequence>
  <level>START</level>
  <class>com.kms.katalon.core.logging.XmlKeywordLogger</class>
  <method>startKeyword</method>
  <thread>1</thread>
  <message>Start action : bearerToken = bearer_token</message>
  <nestedLevel>1</nestedLevel>
  <property name="startLine">37</property>
  <property name="stepIndex">3</property>
</record>
<record>
  <date>2019-09-11T13:36:47</date>
  <millis>1568227007693</millis>
  <sequence>88</sequence>
  <level>END</level>
  <class>com.kms.katalon.core.logging.XmlKeywordLogger</class>
  <method>endKeyword</method>
  <thread>1</thread>
  <message>End action : bearerToken = bearer_token</message>
  <nestedLevel>1</nestedLevel>
</record>
<record>
  <date>2019-09-11T13:36:47</date>
  <millis>1568227007693</millis>
  <sequence>89</sequence>
  <level>START</level>
  <class>com.kms.katalon.core.logging.XmlKeywordLogger</class>
  <method>startKeyword</method>
  <thread>1</thread>
  <message>Start action : studentID = id</message>
  <nestedLevel>1</nestedLevel>
  <property name="startLine">39</property>
  <property name="stepIndex">4</property>
</record>
<record>
  <date>2019-09-11T13:36:47</date>
  <millis>1568227007693</millis>
  <sequence>90</sequence>
  <level>END</level>
  <class>com.kms.katalon.core.logging.XmlKeywordLogger</class>
  <method>endKeyword</method>
  <thread>1</thread>
  <message>End action : studentID = id</message>
  <nestedLevel>1</nestedLevel>
</record>
<record>
  <date>2019-09-11T13:36:47</date>
  <millis>1568227007694</millis>
  <sequence>91</sequence>
  <level>START</level>
  <class>com.kms.katalon.core.logging.XmlKeywordLogger</class>
  <method>startKeyword</method>
  <thread>1</thread>
  <message>Start action : G_BearerToken = bearerToken</message>
  <nestedLevel>1</nestedLevel>
  <property name="startLine">43</property>
  <property name="stepIndex">5</property>
</record>
<record>
  <date>2019-09-11T13:36:47</date>
  <millis>1568227007694</millis>
  <sequence>92</sequence>
  <level>END</level>
  <class>com.kms.katalon.core.logging.XmlKeywordLogger</class>
  <method>endKeyword</method>
  <thread>1</thread>
  <message>End action : G_BearerToken = bearerToken</message>
  <nestedLevel>1</nestedLevel>
</record>
<record>
  <date>2019-09-11T13:36:47</date>
  <millis>1568227007694</millis>
  <sequence>93</sequence>
  <level>START</level>
  <class>com.kms.katalon.core.logging.XmlKeywordLogger</class>
  <method>startKeyword</method>
  <thread>1</thread>
  <message>Start action : G_studentID = studentID</message>
  <nestedLevel>1</nestedLevel>
  <property name="startLine">44</property>
  <property name="stepIndex">6</property>
</record>
<record>
  <date>2019-09-11T13:36:47</date>
  <millis>1568227007695</millis>
  <sequence>94</sequence>
  <level>END</level>
  <class>com.kms.katalon.core.logging.XmlKeywordLogger</class>
  <method>endKeyword</method>
  <thread>1</thread>
  <message>End action : G_studentID = studentID</message>
  <nestedLevel>1</nestedLevel>
</record>
<record>
  <date>2019-09-11T13:36:47</date>
  <millis>1568227007695</millis>
  <sequence>95</sequence>
  <level>PASSED</level>
  <class>com.kms.katalon.core.logging.XmlKeywordLogger</class>
  <method>logMessage</method>
  <thread>1</thread>
  <message>Test Cases/Login/MO001_LoginA_ValidLogin_200ok</message>
  <nestedLevel>1</nestedLevel>
</record>
<record>
  <date>2019-09-11T13:36:47</date>
  <millis>1568227007695</millis>
  <sequence>96</sequence>
  <level>END</level>
  <class>com.kms.katalon.core.logging.XmlKeywordLogger</class>
  <method>endTest</method>
  <thread>1</thread>
  <message>End Test Case : Test Cases/Login/MO001_LoginA_ValidLogin_200ok</message>
  <nestedLevel>0</nestedLevel>
</record>
<record>
  <date>2019-09-11T13:36:47</date>
  <millis>1568227007700</millis>
  <sequence>97</sequence>
  <level>START</level>
  <class>com.kms.katalon.core.logging.XmlKeywordLogger</class>
  <method>startTest</method>
  <thread>1</thread>
  <message>Start Test Case : Test Cases/Login/MO002_LoginA_InvalidPassword_401</message>
  <nestedLevel>1</nestedLevel>
  <property name="name">Test Cases/Login/MO002_LoginA_InvalidPassword_401</property>
  <property name="description"></property>
  <property name="id">Test Cases/Login/MO002_LoginA_InvalidPassword_401</property>
  <property name="source">C:\\Users\\taylor.sablowsky\\Katalon\\Katalon_Automation_MyOptionsAPI_Official\\Test Cases\\Login\\MO002_LoginA_InvalidPassword_401.tc</property>
  <property name="tag"></property>
  <property name="isOptional">false</property>
</record>
<record>
  <date>2019-09-11T13:36:47</date>
  <millis>1568227007839</millis>
  <sequence>99</sequence>
  <level>START</level>
  <class>com.kms.katalon.core.logging.XmlKeywordLogger</class>
  <method>startKeyword</method>
  <thread>1</thread>
  <message>Start action : sendRequestAndVerify(findTestObject(\&amp;quot;Helpers/Login/Helper_MO_Login_IncorrectPassword\&amp;quot;, [\&amp;quot;G_Login_Username\&amp;quot;:G_Login_Username_MO, \&amp;quot;G_Login_Password\&amp;quot;:G_Login_IncorrectPassword, \&amp;quot;G_API_URL_LOGIN\&amp;quot;:G_API_URL_LOGIN]))</message>
  <nestedLevel>1</nestedLevel>
  <property name="startLine">16</property>
  <property name="stepIndex">1</property>
</record>
<record>
  <date>2019-09-11T13:36:48</date>
  <millis>1568227008248</millis>
  <sequence>103</sequence>
  <level>START</level>
  <class>com.kms.katalon.core.logging.XmlKeywordLogger</class>
  <method>startTest</method>
  <thread>1</thread>
  <message>Start Test Case : Verification</message>
  <nestedLevel>2</nestedLevel>
</record>
<record>
  <date>2019-09-11T13:36:48</date>
  <millis>1568227008295</millis>
  <sequence>104</sequence>
  <level>START</level>
  <class>com.kms.katalon.core.logging.XmlKeywordLogger</class>
  <method>startKeyword</method>
  <thread>1</thread>
  <message>Start action : request = getInstance().getCurrentRequest()</message>
  <nestedLevel>1</nestedLevel>
  <property name="startLine">11</property>
  <property name="stepIndex">1</property>
</record>
<record>
  <date>2019-09-11T13:36:48</date>
  <millis>1568227008331</millis>
  <sequence>105</sequence>
  <level>END</level>
  <class>com.kms.katalon.core.logging.XmlKeywordLogger</class>
  <method>endKeyword</method>
  <thread>1</thread>
  <message>End action : request = getInstance().getCurrentRequest()</message>
  <nestedLevel>1</nestedLevel>
</record>
<record>
  <date>2019-09-11T13:36:48</date>
  <millis>1568227008331</millis>
  <sequence>106</sequence>
  <level>START</level>
  <class>com.kms.katalon.core.logging.XmlKeywordLogger</class>
  <method>startKeyword</method>
  <thread>1</thread>
  <message>Start action : response = getInstance().getCurrentResponse()</message>
  <nestedLevel>1</nestedLevel>
  <property name="startLine">13</property>
  <property name="stepIndex">2</property>
</record>
<record>
  <date>2019-09-11T13:36:48</date>
  <millis>1568227008332</millis>
  <sequence>107</sequence>
  <level>END</level>
  <class>com.kms.katalon.core.logging.XmlKeywordLogger</class>
  <method>endKeyword</method>
  <thread>1</thread>
  <message>End action : response = getInstance().getCurrentResponse()</message>
  <nestedLevel>1</nestedLevel>
</record>
<record>
  <date>2019-09-11T13:36:48</date>
  <millis>1568227008332</millis>
  <sequence>108</sequence>
  <level>START</level>
  <class>com.kms.katalon.core.logging.XmlKeywordLogger</class>
  <method>startKeyword</method>
  <thread>1</thread>
  <message>Start action : verifyResponseStatusCode(response, 401)</message>
  <nestedLevel>1</nestedLevel>
  <property name="startLine">16</property>
  <property name="stepIndex">3</property>
</record>
<record>
  <date>2019-09-11T13:36:48</date>
  <millis>1568227008334</millis>
  <sequence>110</sequence>
  <level>PASSED</level>
  <class>com.kms.katalon.core.logging.XmlKeywordLogger</class>
  <method>logMessage</method>
  <thread>1</thread>
  <message>Verify response status code successfully</message>
  <nestedLevel>2</nestedLevel>
</record>
<record>
  <date>2019-09-11T13:36:48</date>
  <millis>1568227008334</millis>
  <sequence>111</sequence>
  <level>END</level>
  <class>com.kms.katalon.core.logging.XmlKeywordLogger</class>
  <method>endKeyword</method>
  <thread>1</thread>
  <message>End action : verifyResponseStatusCode(response, 401)</message>
  <nestedLevel>1</nestedLevel>
</record>
<record>
  <date>2019-09-11T13:36:48</date>
  <millis>1568227008335</millis>
  <sequence>112</sequence>
  <level>START</level>
  <class>com.kms.katalon.core.logging.XmlKeywordLogger</class>
  <method>startKeyword</method>
  <thread>1</thread>
  <message>Start action : getStatusCode()).isEqualTo(401)</message>
  <nestedLevel>1</nestedLevel>
  <property name="startLine">18</property>
  <property name="stepIndex">4</property>
</record>
<record>
  <date>2019-09-11T13:36:48</date>
  <millis>1568227008335</millis>
  <sequence>113</sequence>
  <level>END</level>
  <class>com.kms.katalon.core.logging.XmlKeywordLogger</class>
  <method>endKeyword</method>
  <thread>1</thread>
  <message>End action : getStatusCode()).isEqualTo(401)</message>
  <nestedLevel>1</nestedLevel>
</record>
<record>
  <date>2019-09-11T13:36:48</date>
  <millis>1568227008336</millis>
  <sequence>114</sequence>
  <level>START</level>
  <class>com.kms.katalon.core.logging.XmlKeywordLogger</class>
  <method>startKeyword</method>
  <thread>1</thread>
  <message>Start action : getResponseText()).contains(\&amp;quot;errorMessage\&amp;quot;)</message>
  <nestedLevel>1</nestedLevel>
  <property name="startLine">20</property>
  <property name="stepIndex">5</property>
</record>
<record>
  <date>2019-09-11T13:36:48</date>
  <millis>1568227008336</millis>
  <sequence>115</sequence>
  <level>END</level>
  <class>com.kms.katalon.core.logging.XmlKeywordLogger</class>
  <method>endKeyword</method>
  <thread>1</thread>
  <message>End action : getResponseText()).contains(\&amp;quot;errorMessage\&amp;quot;)</message>
  <nestedLevel>1</nestedLevel>
</record>
<record>
  <date>2019-09-11T13:36:48</date>
  <millis>1568227008337</millis>
  <sequence>116</sequence>
  <level>PASSED</level>
  <class>com.kms.katalon.core.logging.XmlKeywordLogger</class>
  <method>logMessage</method>
  <thread>1</thread>
  <message>Verification accomplished successfully</message>
  <nestedLevel>2</nestedLevel>
</record>
<record>
  <date>2019-09-11T13:36:48</date>
  <millis>1568227008337</millis>
  <sequence>117</sequence>
  <level>END</level>
  <class>com.kms.katalon.core.logging.XmlKeywordLogger</class>
  <method>endTest</method>
  <thread>1</thread>
  <message>End Test Case : Verification</message>
  <nestedLevel>1</nestedLevel>
</record>
<record>
  <date>2019-09-11T13:36:48</date>
  <millis>1568227008337</millis>
  <sequence>118</sequence>
  <level>PASSED</level>
  <class>com.kms.katalon.core.logging.XmlKeywordLogger</class>
  <method>logMessage</method>
  <thread>1</thread>
  <message>Verify response successfully</message>
  <nestedLevel>1</nestedLevel>
</record>
<record>
  <date>2019-09-11T13:36:48</date>
  <millis>1568227008338</millis>
  <sequence>119</sequence>
  <level>PASSED</level>
  <class>com.kms.katalon.core.logging.XmlKeywordLogger</class>
  <method>logMessage</method>
  <thread>1</thread>
  <message>Send request and verify the response successfully</message>
  <nestedLevel>1</nestedLevel>
</record>
<record>
  <date>2019-09-11T13:36:48</date>
  <millis>1568227008338</millis>
  <sequence>120</sequence>
  <level>END</level>
  <class>com.kms.katalon.core.logging.XmlKeywordLogger</class>
  <method>endKeyword</method>
  <thread>1</thread>
  <message>End action : sendRequestAndVerify(findTestObject(\&amp;quot;Helpers/Login/Helper_MO_Login_IncorrectPassword\&amp;quot;, [\&amp;quot;G_Login_Username\&amp;quot;:G_Login_Username_MO, \&amp;quot;G_Login_Password\&amp;quot;:G_Login_IncorrectPassword, \&amp;quot;G_API_URL_LOGIN\&amp;quot;:G_API_URL_LOGIN]))</message>
  <nestedLevel>1</nestedLevel>
</record>
<record>
  <date>2019-09-11T13:36:48</date>
  <millis>1568227008338</millis>
  <sequence>121</sequence>
  <level>PASSED</level>
  <class>com.kms.katalon.core.logging.XmlKeywordLogger</class>
  <method>logMessage</method>
  <thread>1</thread>
  <message>Test Cases/Login/MO002_LoginA_InvalidPassword_401</message>
  <nestedLevel>1</nestedLevel>
</record>
<record>
  <date>2019-09-11T13:36:48</date>
  <millis>1568227008339</millis>
  <sequence>122</sequence>
  <level>END</level>
  <class>com.kms.katalon.core.logging.XmlKeywordLogger</class>
  <method>endTest</method>
  <thread>1</thread>
  <message>End Test Case : Test Cases/Login/MO002_LoginA_InvalidPassword_401</message>
  <nestedLevel>0</nestedLevel>
</record>
<record>
  <date>2019-09-11T13:36:48</date>
  <millis>1568227008342</millis>
  <sequence>123</sequence>
  <level>START</level>
  <class>com.kms.katalon.core.logging.XmlKeywordLogger</class>
  <method>startTest</method>
  <thread>1</thread>
  <message>Start Test Case : Test Cases/Login/MO003_LoginA_InvalidUsername_401</message>
  <nestedLevel>1</nestedLevel>
  <property name="name">Test Cases/Login/MO003_LoginA_InvalidUsername_401</property>
  <property name="description"></property>
  <property name="id">Test Cases/Login/MO003_LoginA_InvalidUsername_401</property>
  <property name="source">C:\\Users\\taylor.sablowsky\\Katalon\\Katalon_Automation_MyOptionsAPI_Official\\Test Cases\\Login\\MO003_LoginA_InvalidUsername_401.tc</property>
  <property name="tag"></property>
  <property name="isOptional">false</property>
</record>
<record>
  <date>2019-09-11T13:36:48</date>
  <millis>1568227008435</millis>
  <sequence>125</sequence>
  <level>START</level>
  <class>com.kms.katalon.core.logging.XmlKeywordLogger</class>
  <method>startKeyword</method>
  <thread>1</thread>
  <message>Start action : sendRequestAndVerify(findTestObject(\&amp;quot;Helpers/Login/Helper_MO_Login_IncorrectUsername\&amp;quot;, [\&amp;quot;G_Login_Username\&amp;quot;:G_Login_IncorrectUsername, \&amp;quot;G_Login_Password\&amp;quot;:G_Login_Password_MO, \&amp;quot;G_API_URL_LOGIN\&amp;quot;:G_API_URL_LOGIN]))</message>
  <nestedLevel>1</nestedLevel>
  <property name="startLine">16</property>
  <property name="stepIndex">1</property>
</record>
<record>
  <date>2019-09-11T13:36:48</date>
  <millis>1568227008728</millis>
  <sequence>129</sequence>
  <level>START</level>
  <class>com.kms.katalon.core.logging.XmlKeywordLogger</class>
  <method>startTest</method>
  <thread>1</thread>
  <message>Start Test Case : Verification</message>
  <nestedLevel>2</nestedLevel>
</record>
<record>
  <date>2019-09-11T13:36:48</date>
  <millis>1568227008789</millis>
  <sequence>130</sequence>
  <level>START</level>
  <class>com.kms.katalon.core.logging.XmlKeywordLogger</class>
  <method>startKeyword</method>
  <thread>1</thread>
  <message>Start action : request = getInstance().getCurrentRequest()</message>
  <nestedLevel>1</nestedLevel>
  <property name="startLine">11</property>
  <property name="stepIndex">1</property>
</record>
<record>
  <date>2019-09-11T13:36:48</date>
  <millis>1568227008838</millis>
  <sequence>131</sequence>
  <level>END</level>
  <class>com.kms.katalon.core.logging.XmlKeywordLogger</class>
  <method>endKeyword</method>
  <thread>1</thread>
  <message>End action : request = getInstance().getCurrentRequest()</message>
  <nestedLevel>1</nestedLevel>
</record>
<record>
  <date>2019-09-11T13:36:48</date>
  <millis>1568227008839</millis>
  <sequence>132</sequence>
  <level>START</level>
  <class>com.kms.katalon.core.logging.XmlKeywordLogger</class>
  <method>startKeyword</method>
  <thread>1</thread>
  <message>Start action : response = getInstance().getCurrentResponse()</message>
  <nestedLevel>1</nestedLevel>
  <property name="startLine">13</property>
  <property name="stepIndex">2</property>
</record>
<record>
  <date>2019-09-11T13:36:48</date>
  <millis>1568227008840</millis>
  <sequence>133</sequence>
  <level>END</level>
  <class>com.kms.katalon.core.logging.XmlKeywordLogger</class>
  <method>endKeyword</method>
  <thread>1</thread>
  <message>End action : response = getInstance().getCurrentResponse()</message>
  <nestedLevel>1</nestedLevel>
</record>
<record>
  <date>2019-09-11T13:36:48</date>
  <millis>1568227008840</millis>
  <sequence>134</sequence>
  <level>START</level>
  <class>com.kms.katalon.core.logging.XmlKeywordLogger</class>
  <method>startKeyword</method>
  <thread>1</thread>
  <message>Start action : verifyResponseStatusCode(response, 401)</message>
  <nestedLevel>1</nestedLevel>
  <property name="startLine">16</property>
  <property name="stepIndex">3</property>
</record>
<record>
  <date>2019-09-11T13:36:48</date>
  <millis>1568227008842</millis>
  <sequence>136</sequence>
  <level>PASSED</level>
  <class>com.kms.katalon.core.logging.XmlKeywordLogger</class>
  <method>logMessage</method>
  <thread>1</thread>
  <message>Verify response status code successfully</message>
  <nestedLevel>2</nestedLevel>
</record>
<record>
  <date>2019-09-11T13:36:48</date>
  <millis>1568227008842</millis>
  <sequence>137</sequence>
  <level>END</level>
  <class>com.kms.katalon.core.logging.XmlKeywordLogger</class>
  <method>endKeyword</method>
  <thread>1</thread>
  <message>End action : verifyResponseStatusCode(response, 401)</message>
  <nestedLevel>1</nestedLevel>
</record>
<record>
  <date>2019-09-11T13:36:48</date>
  <millis>1568227008842</millis>
  <sequence>138</sequence>
  <level>START</level>
  <class>com.kms.katalon.core.logging.XmlKeywordLogger</class>
  <method>startKeyword</method>
  <thread>1</thread>
  <message>Start action : getStatusCode()).isEqualTo(401)</message>
  <nestedLevel>1</nestedLevel>
  <property name="startLine">18</property>
  <property name="stepIndex">4</property>
</record>
<record>
  <date>2019-09-11T13:36:48</date>
  <millis>1568227008843</millis>
  <sequence>139</sequence>
  <level>END</level>
  <class>com.kms.katalon.core.logging.XmlKeywordLogger</class>
  <method>endKeyword</method>
  <thread>1</thread>
  <message>End action : getStatusCode()).isEqualTo(401)</message>
  <nestedLevel>1</nestedLevel>
</record>
<record>
  <date>2019-09-11T13:36:48</date>
  <millis>1568227008843</millis>
  <sequence>140</sequence>
  <level>START</level>
  <class>com.kms.katalon.core.logging.XmlKeywordLogger</class>
  <method>startKeyword</method>
  <thread>1</thread>
  <message>Start action : getResponseText()).contains(\&amp;quot;errorMessage\&amp;quot;)</message>
  <nestedLevel>1</nestedLevel>
  <property name="startLine">20</property>
  <property name="stepIndex">5</property>
</record>
<record>
  <date>2019-09-11T13:36:48</date>
  <millis>1568227008844</millis>
  <sequence>141</sequence>
  <level>END</level>
  <class>com.kms.katalon.core.logging.XmlKeywordLogger</class>
  <method>endKeyword</method>
  <thread>1</thread>
  <message>End action : getResponseText()).contains(\&amp;quot;errorMessage\&amp;quot;)</message>
  <nestedLevel>1</nestedLevel>
</record>
<record>
  <date>2019-09-11T13:36:48</date>
  <millis>1568227008844</millis>
  <sequence>142</sequence>
  <level>PASSED</level>
  <class>com.kms.katalon.core.logging.XmlKeywordLogger</class>
  <method>logMessage</method>
  <thread>1</thread>
  <message>Verification accomplished successfully</message>
  <nestedLevel>2</nestedLevel>
</record>
<record>
  <date>2019-09-11T13:36:48</date>
  <millis>1568227008844</millis>
  <sequence>143</sequence>
  <level>END</level>
  <class>com.kms.katalon.core.logging.XmlKeywordLogger</class>
  <method>endTest</method>
  <thread>1</thread>
  <message>End Test Case : Verification</message>
  <nestedLevel>1</nestedLevel>
</record>
<record>
  <date>2019-09-11T13:36:48</date>
  <millis>1568227008844</millis>
  <sequence>144</sequence>
  <level>PASSED</level>
  <class>com.kms.katalon.core.logging.XmlKeywordLogger</class>
  <method>logMessage</method>
  <thread>1</thread>
  <message>Verify response successfully</message>
  <nestedLevel>1</nestedLevel>
</record>
<record>
  <date>2019-09-11T13:36:48</date>
  <millis>1568227008845</millis>
  <sequence>145</sequence>
  <level>PASSED</level>
  <class>com.kms.katalon.core.logging.XmlKeywordLogger</class>
  <method>logMessage</method>
  <thread>1</thread>
  <message>Send request and verify the response successfully</message>
  <nestedLevel>1</nestedLevel>
</record>
<record>
  <date>2019-09-11T13:36:48</date>
  <millis>1568227008845</millis>
  <sequence>146</sequence>
  <level>END</level>
  <class>com.kms.katalon.core.logging.XmlKeywordLogger</class>
  <method>endKeyword</method>
  <thread>1</thread>
  <message>End action : sendRequestAndVerify(findTestObject(\&amp;quot;Helpers/Login/Helper_MO_Login_IncorrectUsername\&amp;quot;, [\&amp;quot;G_Login_Username\&amp;quot;:G_Login_IncorrectUsername, \&amp;quot;G_Login_Password\&amp;quot;:G_Login_Password_MO, \&amp;quot;G_API_URL_LOGIN\&amp;quot;:G_API_URL_LOGIN]))</message>
  <nestedLevel>1</nestedLevel>
</record>
<record>
  <date>2019-09-11T13:36:48</date>
  <millis>1568227008845</millis>
  <sequence>147</sequence>
  <level>PASSED</level>
  <class>com.kms.katalon.core.logging.XmlKeywordLogger</class>
  <method>logMessage</method>
  <thread>1</thread>
  <message>Test Cases/Login/MO003_LoginA_InvalidUsername_401</message>
  <nestedLevel>1</nestedLevel>
</record>
<record>
  <date>2019-09-11T13:36:48</date>
  <millis>1568227008845</millis>
  <sequence>148</sequence>
  <level>END</level>
  <class>com.kms.katalon.core.logging.XmlKeywordLogger</class>
  <method>endTest</method>
  <thread>1</thread>
  <message>End Test Case : Test Cases/Login/MO003_LoginA_InvalidUsername_401</message>
  <nestedLevel>0</nestedLevel>
</record>
<record>
  <date>2019-09-11T13:36:48</date>
  <millis>1568227008887</millis>
  <sequence>149</sequence>
  <level>END</level>
  <class>com.kms.katalon.core.logging.XmlKeywordLogger</class>
  <method>endSuite</method>
  <thread>1</thread>
  <message>End Test Suite : Test Suites/Login</message>
  <nestedLevel>0</nestedLevel>
</record>
</log>
<?xml version="1.0" encoding="UTF-8" standalone="no"?>
<!DOCTYPE log SYSTEM "logger.dtd">
<log>
<record>
  <date>2019-09-11T13:49:26</date>
  <millis>1568227766165</millis>
  <sequence>1146</sequence>
  <level>RUN_DATA</level>
  <class>com.kms.katalon.core.logging.XmlKeywordLogger</class>
  <method>logMessage</method>
  <thread>258</thread>
  <message>appiumVersion = 1.13.0</message>
  <nestedLevel>0</nestedLevel>
  <property name="appiumVersion">1.13.0</property>
</record>
<record>
  <date>2019-09-11T13:49:26</date>
  <millis>1568227766288</millis>
  <sequence>1147</sequence>
  <level>RUN_DATA</level>
  <class>com.kms.katalon.core.logging.XmlKeywordLogger</class>
  <method>logMessage</method>
  <thread>258</thread>
  <message>deviceId = null</message>
  <nestedLevel>0</nestedLevel>
  <property name="deviceId">null</property>
</record>
<record>
  <date>2019-09-11T13:49:26</date>
  <millis>1568227766288</millis>
  <sequence>1148</sequence>
  <level>RUN_DATA</level>
  <class>com.kms.katalon.core.logging.XmlKeywordLogger</class>
  <method>logMessage</method>
  <thread>258</thread>
  <message>deviceName = iPhone 7</message>
  <nestedLevel>0</nestedLevel>
  <property name="deviceName">iPhone 7</property>
</record>
<record>
  <date>2019-09-11T13:49:26</date>
  <millis>1568227766289</millis>
  <sequence>1149</sequence>
  <level>RUN_DATA</level>
  <class>com.kms.katalon.core.logging.XmlKeywordLogger</class>
  <method>logMessage</method>
  <thread>258</thread>
  <message>deviceModel = null</message>
  <nestedLevel>0</nestedLevel>
  <property name="deviceModel">null</property>
</record>
<record>
  <date>2019-09-11T13:49:26</date>
  <millis>1568227766289</millis>
  <sequence>1150</sequence>
  <level>RUN_DATA</level>
  <class>com.kms.katalon.core.logging.XmlKeywordLogger</class>
  <method>logMessage</method>
  <thread>258</thread>
  <message>deviceManufacturer = null</message>
  <nestedLevel>0</nestedLevel>
  <property name="deviceManufacturer">null</property>
</record>
<record>
  <date>2019-09-11T13:49:26</date>
  <millis>1568227766289</millis>
  <sequence>1151</sequence>
  <level>RUN_DATA</level>
  <class>com.kms.katalon.core.logging.XmlKeywordLogger</class>
  <method>logMessage</method>
  <thread>258</thread>
  <message>deviceOS = iOS</message>
  <nestedLevel>0</nestedLevel>
  <property name="deviceOS">iOS</property>
</record>
<record>
  <date>2019-09-11T13:49:26</date>
  <millis>1568227766290</millis>
  <sequence>1152</sequence>
  <level>RUN_DATA</level>
  <class>com.kms.katalon.core.logging.XmlKeywordLogger</class>
  <method>logMessage</method>
  <thread>258</thread>
  <message>deviceOSVersion = 12.1.2</message>
  <nestedLevel>0</nestedLevel>
  <property name="deviceOSVersion">12.1.2</property>
</record>
<record>
  <date>2019-09-11T14:01:46</date>
  <millis>1568228506617</millis>
  <sequence>1175</sequence>
  <level>RUN_DATA</level>
  <class>com.kms.katalon.core.logging.XmlKeywordLogger</class>
  <method>logMessage</method>
  <thread>425</thread>
  <message>deviceId = null</message>
  <nestedLevel>0</nestedLevel>
  <property name="deviceId">null</property>
</record>
<record>
  <date>2019-09-11T14:01:46</date>
  <millis>1568228506617</millis>
  <sequence>1176</sequence>
  <level>RUN_DATA</level>
  <class>com.kms.katalon.core.logging.XmlKeywordLogger</class>
  <method>logMessage</method>
  <thread>425</thread>
  <message>deviceName = iPhone 7</message>
  <nestedLevel>0</nestedLevel>
  <property name="deviceName">iPhone 7</property>
</record>
<record>
  <date>2019-09-11T14:01:46</date>
  <millis>1568228506617</millis>
  <sequence>1177</sequence>
  <level>RUN_DATA</level>
  <class>com.kms.katalon.core.logging.XmlKeywordLogger</class>
  <method>logMessage</method>
  <thread>425</thread>
  <message>deviceModel = null</message>
  <nestedLevel>0</nestedLevel>
  <property name="deviceModel">null</property>
</record>
<record>
  <date>2019-09-11T14:01:46</date>
  <millis>1568228506617</millis>
  <sequence>1178</sequence>
  <level>RUN_DATA</level>
  <class>com.kms.katalon.core.logging.XmlKeywordLogger</class>
  <method>logMessage</method>
  <thread>425</thread>
  <message>deviceManufacturer = null</message>
  <nestedLevel>0</nestedLevel>
  <property name="deviceManufacturer">null</property>
</record>
<record>
  <date>2019-09-11T14:01:46</date>
  <millis>1568228506617</millis>
  <sequence>1179</sequence>
  <level>RUN_DATA</level>
  <class>com.kms.katalon.core.logging.XmlKeywordLogger</class>
  <method>logMessage</method>
  <thread>425</thread>
  <message>deviceOS = iOS</message>
  <nestedLevel>0</nestedLevel>
  <property name="deviceOS">iOS</property>
</record>
<record>
  <date>2019-09-11T14:01:46</date>
  <millis>1568228506617</millis>
  <sequence>1180</sequence>
  <level>RUN_DATA</level>
  <class>com.kms.katalon.core.logging.XmlKeywordLogger</class>
  <method>logMessage</method>
  <thread>425</thread>
  <message>deviceOSVersion = 12.1.2</message>
  <nestedLevel>0</nestedLevel>
  <property name="deviceOSVersion">12.1.2</property>
</record>
<record>
  <date>2019-09-11T14:02:56</date>
  <millis>1568228576990</millis>
  <sequence>1190</sequence>
  <level>RUN_DATA</level>
  <class>com.kms.katalon.core.logging.XmlKeywordLogger</class>
  <method>logMessage</method>
  <thread>435</thread>
  <message>appiumVersion = 1.13.0</message>
  <nestedLevel>0</nestedLevel>
  <property name="appiumVersion">1.13.0</property>
</record>
<record>
  <date>2019-09-11T14:02:57</date>
  <millis>1568228577132</millis>
  <sequence>1191</sequence>
  <level>RUN_DATA</level>
  <class>com.kms.katalon.core.logging.XmlKeywordLogger</class>
  <method>logMessage</method>
  <thread>435</thread>
  <message>deviceId = null</message>
  <nestedLevel>0</nestedLevel>
  <property name="deviceId">null</property>
</record>
<record>
  <date>2019-09-11T14:02:57</date>
  <millis>1568228577132</millis>
  <sequence>1192</sequence>
  <level>RUN_DATA</level>
  <class>com.kms.katalon.core.logging.XmlKeywordLogger</class>
  <method>logMessage</method>
  <thread>435</thread>
  <message>deviceName = iPhone XS Max</message>
  <nestedLevel>0</nestedLevel>
  <property name="deviceName">iPhone XS Max</property>
</record>
<record>
  <date>2019-09-11T14:02:57</date>
  <millis>1568228577132</millis>
  <sequence>1193</sequence>
  <level>RUN_DATA</level>
  <class>com.kms.katalon.core.logging.XmlKeywordLogger</class>
  <method>logMessage</method>
  <thread>435</thread>
  <message>deviceModel = null</message>
  <nestedLevel>0</nestedLevel>
  <property name="deviceModel">null</property>
</record>
<record>
  <date>2019-09-11T14:02:57</date>
  <millis>1568228577132</millis>
  <sequence>1194</sequence>
  <level>RUN_DATA</level>
  <class>com.kms.katalon.core.logging.XmlKeywordLogger</class>
  <method>logMessage</method>
  <thread>435</thread>
  <message>deviceManufacturer = null</message>
  <nestedLevel>0</nestedLevel>
  <property name="deviceManufacturer">null</property>
</record>
<record>
  <date>2019-09-11T14:02:57</date>
  <millis>1568228577132</millis>
  <sequence>1195</sequence>
  <level>RUN_DATA</level>
  <class>com.kms.katalon.core.logging.XmlKeywordLogger</class>
  <method>logMessage</method>
  <thread>435</thread>
  <message>deviceOS = iOS</message>
  <nestedLevel>0</nestedLevel>
  <property name="deviceOS">iOS</property>
</record>
<record>
  <date>2019-09-11T14:02:57</date>
  <millis>1568228577132</millis>
  <sequence>1196</sequence>
  <level>RUN_DATA</level>
  <class>com.kms.katalon.core.logging.XmlKeywordLogger</class>
  <method>logMessage</method>
  <thread>435</thread>
  <message>deviceOSVersion = 12.1.2</message>
  <nestedLevel>0</nestedLevel>
  <property name="deviceOSVersion">12.1.2</property>
</record>
<record>
  <date>2019-09-11T14:06:16</date>
  <millis>1568228776442</millis>
  <sequence>1206</sequence>
  <level>RUN_DATA</level>
  <class>com.kms.katalon.core.logging.XmlKeywordLogger</class>
  <method>logMessage</method>
  <thread>503</thread>
  <message>appiumVersion = 1.13.0</message>
  <nestedLevel>0</nestedLevel>
  <property name="appiumVersion">1.13.0</property>
</record>
<record>
  <date>2019-09-11T14:06:16</date>
  <millis>1568228776593</millis>
  <sequence>1215</sequence>
  <level>RUN_DATA</level>
  <class>com.kms.katalon.core.logging.XmlKeywordLogger</class>
  <method>logMessage</method>
  <thread>503</thread>
  <message>deviceId = null</message>
  <nestedLevel>0</nestedLevel>
  <property name="deviceId">null</property>
</record>
<record>
  <date>2019-09-11T14:06:16</date>
  <millis>1568228776593</millis>
  <sequence>1216</sequence>
  <level>RUN_DATA</level>
  <class>com.kms.katalon.core.logging.XmlKeywordLogger</class>
  <method>logMessage</method>
  <thread>503</thread>
  <message>deviceName = iPhone 7</message>
  <nestedLevel>0</nestedLevel>
  <property name="deviceName">iPhone 7</property>
</record>
<record>
  <date>2019-09-11T14:06:16</date>
  <millis>1568228776593</millis>
  <sequence>1217</sequence>
  <level>RUN_DATA</level>
  <class>com.kms.katalon.core.logging.XmlKeywordLogger</class>
  <method>logMessage</method>
  <thread>503</thread>
  <message>deviceModel = null</message>
  <nestedLevel>0</nestedLevel>
  <property name="deviceModel">null</property>
</record>
<record>
  <date>2019-09-11T14:06:16</date>
  <millis>1568228776593</millis>
  <sequence>1218</sequence>
  <level>RUN_DATA</level>
  <class>com.kms.katalon.core.logging.XmlKeywordLogger</class>
  <method>logMessage</method>
  <thread>503</thread>
  <message>deviceManufacturer = null</message>
  <nestedLevel>0</nestedLevel>
  <property name="deviceManufacturer">null</property>
</record>
<record>
  <date>2019-09-11T14:06:16</date>
  <millis>1568228776593</millis>
  <sequence>1219</sequence>
  <level>RUN_DATA</level>
  <class>com.kms.katalon.core.logging.XmlKeywordLogger</class>
  <method>logMessage</method>
  <thread>503</thread>
  <message>deviceOS = iOS</message>
  <nestedLevel>0</nestedLevel>
  <property name="deviceOS">iOS</property>
</record>
<record>
  <date>2019-09-11T14:06:16</date>
  <millis>1568228776594</millis>
  <sequence>1220</sequence>
  <level>RUN_DATA</level>
  <class>com.kms.katalon.core.logging.XmlKeywordLogger</class>
  <method>logMessage</method>
  <thread>503</thread>
  <message>deviceOSVersion = 12.1.2</message>
  <nestedLevel>0</nestedLevel>
  <property name="deviceOSVersion">12.1.2</property>
</record>
<record>
  <date>2019-09-11T14:06:16</date>
  <millis>1568228776821</millis>
  <sequence>1221</sequence>
  <level>RUN_DATA</level>
  <class>com.kms.katalon.core.logging.XmlKeywordLogger</class>
  <method>logMessage</method>
  <thread>537</thread>
  <message>deviceId = null</message>
  <nestedLevel>0</nestedLevel>
  <property name="deviceId">null</property>
</record>
<record>
  <date>2019-09-11T14:06:16</date>
  <millis>1568228776821</millis>
  <sequence>1222</sequence>
  <level>RUN_DATA</level>
  <class>com.kms.katalon.core.logging.XmlKeywordLogger</class>
  <method>logMessage</method>
  <thread>537</thread>
  <message>deviceName = iPhone 7</message>
  <nestedLevel>0</nestedLevel>
  <property name="deviceName">iPhone 7</property>
</record>
<record>
  <date>2019-09-11T14:06:16</date>
  <millis>1568228776821</millis>
  <sequence>1223</sequence>
  <level>RUN_DATA</level>
  <class>com.kms.katalon.core.logging.XmlKeywordLogger</class>
  <method>logMessage</method>
  <thread>537</thread>
  <message>deviceModel = null</message>
  <nestedLevel>0</nestedLevel>
  <property name="deviceModel">null</property>
</record>
<record>
  <date>2019-09-11T14:06:16</date>
  <millis>1568228776821</millis>
  <sequence>1224</sequence>
  <level>RUN_DATA</level>
  <class>com.kms.katalon.core.logging.XmlKeywordLogger</class>
  <method>logMessage</method>
  <thread>537</thread>
  <message>deviceManufacturer = null</message>
  <nestedLevel>0</nestedLevel>
  <property name="deviceManufacturer">null</property>
</record>
<record>
  <date>2019-09-11T14:06:16</date>
  <millis>1568228776821</millis>
  <sequence>1225</sequence>
  <level>RUN_DATA</level>
  <class>com.kms.katalon.core.logging.XmlKeywordLogger</class>
  <method>logMessage</method>
  <thread>537</thread>
  <message>deviceOS = iOS</message>
  <nestedLevel>0</nestedLevel>
  <property name="deviceOS">iOS</property>
</record>
<record>
  <date>2019-09-11T14:06:16</date>
  <millis>1568228776821</millis>
  <sequence>1226</sequence>
  <level>RUN_DATA</level>
  <class>com.kms.katalon.core.logging.XmlKeywordLogger</class>
  <method>logMessage</method>
  <thread>537</thread>
  <message>deviceOSVersion = 12.1.2</message>
  <nestedLevel>0</nestedLevel>
  <property name="deviceOSVersion">12.1.2</property>
</record>
<record>
  <date>2019-09-11T14:06:21</date>
  <millis>1568228781333</millis>
  <sequence>1235</sequence>
  <level>RUN_DATA</level>
  <class>com.kms.katalon.core.logging.XmlKeywordLogger</class>
  <method>logMessage</method>
  <thread>541</thread>
  <message>deviceId = null</message>
  <nestedLevel>0</nestedLevel>
  <property name="deviceId">null</property>
</record>
<record>
  <date>2019-09-11T14:06:21</date>
  <millis>1568228781333</millis>
  <sequence>1236</sequence>
  <level>RUN_DATA</level>
  <class>com.kms.katalon.core.logging.XmlKeywordLogger</class>
  <method>logMessage</method>
  <thread>541</thread>
  <message>deviceName = iPhone XS Max</message>
  <nestedLevel>0</nestedLevel>
  <property name="deviceName">iPhone XS Max</property>
</record>
<record>
  <date>2019-09-11T14:06:21</date>
  <millis>1568228781334</millis>
  <sequence>1237</sequence>
  <level>RUN_DATA</level>
  <class>com.kms.katalon.core.logging.XmlKeywordLogger</class>
  <method>logMessage</method>
  <thread>541</thread>
  <message>deviceModel = null</message>
  <nestedLevel>0</nestedLevel>
  <property name="deviceModel">null</property>
</record>
<record>
  <date>2019-09-11T14:06:21</date>
  <millis>1568228781334</millis>
  <sequence>1238</sequence>
  <level>RUN_DATA</level>
  <class>com.kms.katalon.core.logging.XmlKeywordLogger</class>
  <method>logMessage</method>
  <thread>541</thread>
  <message>deviceManufacturer = null</message>
  <nestedLevel>0</nestedLevel>
  <property name="deviceManufacturer">null</property>
</record>
<record>
  <date>2019-09-11T14:06:21</date>
  <millis>1568228781334</millis>
  <sequence>1239</sequence>
  <level>RUN_DATA</level>
  <class>com.kms.katalon.core.logging.XmlKeywordLogger</class>
  <method>logMessage</method>
  <thread>541</thread>
  <message>deviceOS = iOS</message>
  <nestedLevel>0</nestedLevel>
  <property name="deviceOS">iOS</property>
</record>
<record>
  <date>2019-09-11T14:06:21</date>
  <millis>1568228781334</millis>
  <sequence>1240</sequence>
  <level>RUN_DATA</level>
  <class>com.kms.katalon.core.logging.XmlKeywordLogger</class>
  <method>logMessage</method>
  <thread>541</thread>
  <message>deviceOSVersion = 12.1.2</message>
  <nestedLevel>0</nestedLevel>
  <property name="deviceOSVersion">12.1.2</property>
</record>
<record>
  <date>2019-09-11T14:06:27</date>
  <millis>1568228787129</millis>
  <sequence>1249</sequence>
  <level>RUN_DATA</level>
  <class>com.kms.katalon.core.logging.XmlKeywordLogger</class>
  <method>logMessage</method>
  <thread>546</thread>
  <message>deviceId = null</message>
  <nestedLevel>0</nestedLevel>
  <property name="deviceId">null</property>
</record>
<record>
  <date>2019-09-11T14:06:27</date>
  <millis>1568228787129</millis>
  <sequence>1250</sequence>
  <level>RUN_DATA</level>
  <class>com.kms.katalon.core.logging.XmlKeywordLogger</class>
  <method>logMessage</method>
  <thread>546</thread>
  <message>deviceName = iPhone XS Max</message>
  <nestedLevel>0</nestedLevel>
  <property name="deviceName">iPhone XS Max</property>
</record>
<record>
  <date>2019-09-11T14:06:27</date>
  <millis>1568228787129</millis>
  <sequence>1251</sequence>
  <level>RUN_DATA</level>
  <class>com.kms.katalon.core.logging.XmlKeywordLogger</class>
  <method>logMessage</method>
  <thread>546</thread>
  <message>deviceModel = null</message>
  <nestedLevel>0</nestedLevel>
  <property name="deviceModel">null</property>
</record>
<record>
  <date>2019-09-11T14:06:27</date>
  <millis>1568228787129</millis>
  <sequence>1252</sequence>
  <level>RUN_DATA</level>
  <class>com.kms.katalon.core.logging.XmlKeywordLogger</class>
  <method>logMessage</method>
  <thread>546</thread>
  <message>deviceManufacturer = null</message>
  <nestedLevel>0</nestedLevel>
  <property name="deviceManufacturer">null</property>
</record>
<record>
  <date>2019-09-11T14:06:27</date>
  <millis>1568228787129</millis>
  <sequence>1253</sequence>
  <level>RUN_DATA</level>
  <class>com.kms.katalon.core.logging.XmlKeywordLogger</class>
  <method>logMessage</method>
  <thread>546</thread>
  <message>deviceOS = iOS</message>
  <nestedLevel>0</nestedLevel>
  <property name="deviceOS">iOS</property>
</record>
<record>
  <date>2019-09-11T14:06:27</date>
  <millis>1568228787129</millis>
  <sequence>1254</sequence>
  <level>RUN_DATA</level>
  <class>com.kms.katalon.core.logging.XmlKeywordLogger</class>
  <method>logMessage</method>
  <thread>546</thread>
  <message>deviceOSVersion = 12.1.2</message>
  <nestedLevel>0</nestedLevel>
  <property name="deviceOSVersion">12.1.2</property>
</record>
<record>
  <date>2019-09-11T14:06:34</date>
  <millis>1568228794873</millis>
  <sequence>1263</sequence>
  <level>RUN_DATA</level>
  <class>com.kms.katalon.core.logging.XmlKeywordLogger</class>
  <method>logMessage</method>
  <thread>551</thread>
  <message>deviceId = null</message>
  <nestedLevel>0</nestedLevel>
  <property name="deviceId">null</property>
</record>
<record>
  <date>2019-09-11T14:06:34</date>
  <millis>1568228794874</millis>
  <sequence>1264</sequence>
  <level>RUN_DATA</level>
  <class>com.kms.katalon.core.logging.XmlKeywordLogger</class>
  <method>logMessage</method>
  <thread>551</thread>
  <message>deviceName = iPhone 7</message>
  <nestedLevel>0</nestedLevel>
  <property name="deviceName">iPhone 7</property>
</record>
<record>
  <date>2019-09-11T14:06:34</date>
  <millis>1568228794874</millis>
  <sequence>1265</sequence>
  <level>RUN_DATA</level>
  <class>com.kms.katalon.core.logging.XmlKeywordLogger</class>
  <method>logMessage</method>
  <thread>551</thread>
  <message>deviceModel = null</message>
  <nestedLevel>0</nestedLevel>
  <property name="deviceModel">null</property>
</record>
<record>
  <date>2019-09-11T14:06:34</date>
  <millis>1568228794874</millis>
  <sequence>1266</sequence>
  <level>RUN_DATA</level>
  <class>com.kms.katalon.core.logging.XmlKeywordLogger</class>
  <method>logMessage</method>
  <thread>551</thread>
  <message>deviceManufacturer = null</message>
  <nestedLevel>0</nestedLevel>
  <property name="deviceManufacturer">null</property>
</record>
<record>
  <date>2019-09-11T14:06:34</date>
  <millis>1568228794874</millis>
  <sequence>1267</sequence>
  <level>RUN_DATA</level>
  <class>com.kms.katalon.core.logging.XmlKeywordLogger</class>
  <method>logMessage</method>
  <thread>551</thread>
  <message>deviceOS = iOS</message>
  <nestedLevel>0</nestedLevel>
  <property name="deviceOS">iOS</property>
</record>
<record>
  <date>2019-09-11T14:06:34</date>
  <millis>1568228794874</millis>
  <sequence>1268</sequence>
  <level>RUN_DATA</level>
  <class>com.kms.katalon.core.logging.XmlKeywordLogger</class>
  <method>logMessage</method>
  <thread>551</thread>
  <message>deviceOSVersion = 12.1.2</message>
  <nestedLevel>0</nestedLevel>
  <property name="deviceOSVersion">12.1.2</property>
</record>
<record>
  <date>2019-09-11T14:08:31</date>
  <millis>1568228911412</millis>
  <sequence>1278</sequence>
  <level>RUN_DATA</level>
  <class>com.kms.katalon.core.logging.XmlKeywordLogger</class>
  <method>logMessage</method>
  <thread>558</thread>
  <message>appiumVersion = 1.13.0</message>
  <nestedLevel>0</nestedLevel>
  <property name="appiumVersion">1.13.0</property>
</record>
<record>
  <date>2019-09-11T14:08:31</date>
  <millis>1568228911520</millis>
  <sequence>1279</sequence>
  <level>RUN_DATA</level>
  <class>com.kms.katalon.core.logging.XmlKeywordLogger</class>
  <method>logMessage</method>
  <thread>558</thread>
  <message>deviceId = null</message>
  <nestedLevel>0</nestedLevel>
  <property name="deviceId">null</property>
</record>
<record>
  <date>2019-09-11T14:08:31</date>
  <millis>1568228911520</millis>
  <sequence>1280</sequence>
  <level>RUN_DATA</level>
  <class>com.kms.katalon.core.logging.XmlKeywordLogger</class>
  <method>logMessage</method>
  <thread>558</thread>
  <message>deviceName = iPhone 6 Plus</message>
  <nestedLevel>0</nestedLevel>
  <property name="deviceName">iPhone 6 Plus</property>
</record>
<record>
  <date>2019-09-11T14:08:31</date>
  <millis>1568228911520</millis>
  <sequence>1281</sequence>
  <level>RUN_DATA</level>
  <class>com.kms.katalon.core.logging.XmlKeywordLogger</class>
  <method>logMessage</method>
  <thread>558</thread>
  <message>deviceModel = null</message>
  <nestedLevel>0</nestedLevel>
  <property name="deviceModel">null</property>
</record>
<record>
  <date>2019-09-11T14:08:31</date>
  <millis>1568228911520</millis>
  <sequence>1282</sequence>
  <level>RUN_DATA</level>
  <class>com.kms.katalon.core.logging.XmlKeywordLogger</class>
  <method>logMessage</method>
  <thread>558</thread>
  <message>deviceManufacturer = null</message>
  <nestedLevel>0</nestedLevel>
  <property name="deviceManufacturer">null</property>
</record>
<record>
  <date>2019-09-11T14:08:31</date>
  <millis>1568228911520</millis>
  <sequence>1283</sequence>
  <level>RUN_DATA</level>
  <class>com.kms.katalon.core.logging.XmlKeywordLogger</class>
  <method>logMessage</method>
  <thread>558</thread>
  <message>deviceOS = iOS</message>
  <nestedLevel>0</nestedLevel>
  <property name="deviceOS">iOS</property>
</record>
<record>
  <date>2019-09-11T14:08:31</date>
  <millis>1568228911520</millis>
  <sequence>1284</sequence>
  <level>RUN_DATA</level>
  <class>com.kms.katalon.core.logging.XmlKeywordLogger</class>
  <method>logMessage</method>
  <thread>558</thread>
  <message>deviceOSVersion = 11.3</message>
  <nestedLevel>0</nestedLevel>
  <property name="deviceOSVersion">11.3</property>
</record>
<record>
  <date>2019-09-11T14:46:15</date>
  <millis>1568231175985</millis>
  <sequence>1359</sequence>
  <level>FAILED</level>
  <class>com.kms.katalon.core.logging.XmlKeywordLogger</class>
  <method>logMessage</method>
  <thread>1191</thread>
  <message>Object XCUIElementTypeOther not found</message>
  <nestedLevel>0</nestedLevel>
</record>
<record>
  <date>2019-09-11T14:55:35</date>
  <millis>1568231735670</millis>
  <sequence>1364</sequence>
  <level>FAILED</level>
  <class>com.kms.katalon.core.logging.XmlKeywordLogger</class>
  <method>logMessage</method>
  <thread>1230</thread>
  <message>Object XCUIElementTypeOther not found</message>
  <nestedLevel>0</nestedLevel>
</record>
<record>
  <date>2019-09-11T14:56:59</date>
  <millis>1568231819360</millis>
  <sequence>1366</sequence>
  <level>FAILED</level>
  <class>com.kms.katalon.core.logging.XmlKeywordLogger</class>
  <method>logMessage</method>
  <thread>1234</thread>
  <message>Object XCUIElementTypePickerWheel - Alabama not found</message>
  <nestedLevel>0</nestedLevel>
</record>
<record>
  <date>2019-09-11T19:39:01</date>
  <millis>1568248741572</millis>
  <sequence>1606</sequence>
  <level>RUN_DATA</level>
  <class>com.kms.katalon.core.logging.XmlKeywordLogger</class>
  <method>logMessage</method>
  <thread>1646</thread>
  <message>appiumVersion = 1.13.0</message>
  <nestedLevel>0</nestedLevel>
  <property name="appiumVersion">1.13.0</property>
</record>
<record>
  <date>2019-09-11T19:39:01</date>
  <millis>1568248741701</millis>
  <sequence>1607</sequence>
  <level>RUN_DATA</level>
  <class>com.kms.katalon.core.logging.XmlKeywordLogger</class>
  <method>logMessage</method>
  <thread>1646</thread>
  <message>deviceId = null</message>
  <nestedLevel>0</nestedLevel>
  <property name="deviceId">null</property>
</record>
<record>
  <date>2019-09-11T19:39:01</date>
  <millis>1568248741702</millis>
  <sequence>1608</sequence>
  <level>RUN_DATA</level>
  <class>com.kms.katalon.core.logging.XmlKeywordLogger</class>
  <method>logMessage</method>
  <thread>1646</thread>
  <message>deviceName = iPhone 6 Plus</message>
  <nestedLevel>0</nestedLevel>
  <property name="deviceName">iPhone 6 Plus</property>
</record>
<record>
  <date>2019-09-11T19:39:01</date>
  <millis>1568248741702</millis>
  <sequence>1609</sequence>
  <level>RUN_DATA</level>
  <class>com.kms.katalon.core.logging.XmlKeywordLogger</class>
  <method>logMessage</method>
  <thread>1646</thread>
  <message>deviceModel = null</message>
  <nestedLevel>0</nestedLevel>
  <property name="deviceModel">null</property>
</record>
<record>
  <date>2019-09-11T19:39:01</date>
  <millis>1568248741702</millis>
  <sequence>1610</sequence>
  <level>RUN_DATA</level>
  <class>com.kms.katalon.core.logging.XmlKeywordLogger</class>
  <method>logMessage</method>
  <thread>1646</thread>
  <message>deviceManufacturer = null</message>
  <nestedLevel>0</nestedLevel>
  <property name="deviceManufacturer">null</property>
</record>
<record>
  <date>2019-09-11T19:39:01</date>
  <millis>1568248741702</millis>
  <sequence>1611</sequence>
  <level>RUN_DATA</level>
  <class>com.kms.katalon.core.logging.XmlKeywordLogger</class>
  <method>logMessage</method>
  <thread>1646</thread>
  <message>deviceOS = iOS</message>
  <nestedLevel>0</nestedLevel>
  <property name="deviceOS">iOS</property>
</record>
<record>
  <date>2019-09-11T19:39:01</date>
  <millis>1568248741702</millis>
  <sequence>1612</sequence>
  <level>RUN_DATA</level>
  <class>com.kms.katalon.core.logging.XmlKeywordLogger</class>
  <method>logMessage</method>
  <thread>1646</thread>
  <message>deviceOSVersion = 11.3</message>
  <nestedLevel>0</nestedLevel>
  <property name="deviceOSVersion">11.3</property>
</record>
</log>
