<?xml version="1.0" encoding="UTF-8" standalone="no"?>
<!DOCTYPE log SYSTEM "logger.dtd">
<log>
<record>
  <date>2019-09-17T10:56:27</date>
  <millis>1568735787009</millis>
  <sequence>0</sequence>
  <level>START</level>
  <class>com.kms.katalon.core.logging.XmlKeywordLogger</class>
  <method>startSuite</method>
  <thread>1</thread>
  <message>Start Test Suite : Test Suites/Regressionv2-Stage</message>
  <nestedLevel>0</nestedLevel>
  <property name="name">Regressionv2-Stage</property>
  <property name="description"></property>
  <property name="id">Test Suites/Regressionv2-Stage</property>
</record>
<record>
  <date>2019-09-17T10:56:27</date>
  <millis>1568735787031</millis>
  <sequence>1</sequence>
  <level>RUN_DATA</level>
  <class>com.kms.katalon.core.logging.XmlKeywordLogger</class>
  <method>logMessage</method>
  <thread>1</thread>
  <message>hostName = taylor.sablowsky - LAPTOP1046.nrccua-hq.local</message>
  <nestedLevel>0</nestedLevel>
  <property name="hostName">taylor.sablowsky - LAPTOP1046.nrccua-hq.local</property>
</record>
<record>
  <date>2019-09-17T10:56:27</date>
  <millis>1568735787032</millis>
  <sequence>2</sequence>
  <level>RUN_DATA</level>
  <class>com.kms.katalon.core.logging.XmlKeywordLogger</class>
  <method>logMessage</method>
  <thread>1</thread>
  <message>os = Windows 10 64bit</message>
  <nestedLevel>0</nestedLevel>
  <property name="os">Windows 10 64bit</property>
</record>
<record>
  <date>2019-09-17T10:56:27</date>
  <millis>1568735787032</millis>
  <sequence>3</sequence>
  <level>RUN_DATA</level>
  <class>com.kms.katalon.core.logging.XmlKeywordLogger</class>
  <method>logMessage</method>
  <thread>1</thread>
  <message>hostAddress = 192.168.150.244</message>
  <nestedLevel>0</nestedLevel>
  <property name="hostAddress">192.168.150.244</property>
</record>
<record>
  <date>2019-09-17T10:56:27</date>
  <millis>1568735787034</millis>
  <sequence>4</sequence>
  <level>RUN_DATA</level>
  <class>com.kms.katalon.core.logging.XmlKeywordLogger</class>
  <method>logMessage</method>
  <thread>1</thread>
  <message>katalonVersion = 5.10.3.1</message>
  <nestedLevel>0</nestedLevel>
  <property name="katalonVersion">5.10.3.1</property>
</record>
<record>
  <date>2019-09-17T10:56:27</date>
  <millis>1568735787317</millis>
  <sequence>5</sequence>
  <level>START</level>
  <class>com.kms.katalon.core.logging.XmlKeywordLogger</class>
  <method>startTest</method>
  <thread>1</thread>
  <message>Start Test Case : Test Cases/SignUp/MO002_SignUpA_InvalidStudentEmail_500</message>
  <nestedLevel>1</nestedLevel>
  <property name="name">Test Cases/SignUp/MO002_SignUpA_InvalidStudentEmail_500</property>
  <property name="description"></property>
  <property name="id">Test Cases/SignUp/MO002_SignUpA_InvalidStudentEmail_500</property>
  <property name="source">C:\\Users\\taylor.sablowsky\\Katalon\\Katalon_Automation_MyOptionsAPI_Official\\Test Cases\\SignUp\\MO002_SignUpA_InvalidStudentEmail_500.tc</property>
  <property name="tag"></property>
  <property name="isOptional">false</property>
</record>
<record>
  <date>2019-09-17T10:56:27</date>
  <millis>1568735787830</millis>
  <sequence>7</sequence>
  <level>START</level>
  <class>com.kms.katalon.core.logging.XmlKeywordLogger</class>
  <method>startKeyword</method>
  <thread>1</thread>
  <message>Start action : TimeStampEmailAddress = \&amp;quot;nrccua.welcomeemail+\&amp;quot; + System.nanoTime() + \&amp;quot;@gmail.com\&amp;quot;</message>
  <nestedLevel>1</nestedLevel>
  <property name="startLine">18</property>
  <property name="stepIndex">1</property>
</record>
<record>
  <date>2019-09-17T10:56:27</date>
  <millis>1568735787833</millis>
  <sequence>8</sequence>
  <level>END</level>
  <class>com.kms.katalon.core.logging.XmlKeywordLogger</class>
  <method>endKeyword</method>
  <thread>1</thread>
  <message>End action : TimeStampEmailAddress = \&amp;quot;nrccua.welcomeemail+\&amp;quot; + System.nanoTime() + \&amp;quot;@gmail.com\&amp;quot;</message>
  <nestedLevel>1</nestedLevel>
</record>
<record>
  <date>2019-09-17T10:56:27</date>
  <millis>1568735787834</millis>
  <sequence>9</sequence>
  <level>START</level>
  <class>com.kms.katalon.core.logging.XmlKeywordLogger</class>
  <method>startKeyword</method>
  <thread>1</thread>
  <message>Start action : out.println(TimeStampEmailAddress)</message>
  <nestedLevel>1</nestedLevel>
  <property name="startLine">21</property>
  <property name="stepIndex">2</property>
</record>
<record>
  <date>2019-09-17T10:56:27</date>
  <millis>1568735787845</millis>
  <sequence>10</sequence>
  <level>END</level>
  <class>com.kms.katalon.core.logging.XmlKeywordLogger</class>
  <method>endKeyword</method>
  <thread>1</thread>
  <message>End action : out.println(TimeStampEmailAddress)</message>
  <nestedLevel>1</nestedLevel>
</record>
<record>
  <date>2019-09-17T10:56:27</date>
  <millis>1568735787846</millis>
  <sequence>11</sequence>
  <level>START</level>
  <class>com.kms.katalon.core.logging.XmlKeywordLogger</class>
  <method>startKeyword</method>
  <thread>1</thread>
  <message>Start action : G_TimeStampEmailAddress = TimeStampEmailAddress</message>
  <nestedLevel>1</nestedLevel>
  <property name="startLine">24</property>
  <property name="stepIndex">3</property>
</record>
<record>
  <date>2019-09-17T10:56:28</date>
  <millis>1568735788572</millis>
  <sequence>12</sequence>
  <level>END</level>
  <class>com.kms.katalon.core.logging.XmlKeywordLogger</class>
  <method>endKeyword</method>
  <thread>1</thread>
  <message>End action : G_TimeStampEmailAddress = TimeStampEmailAddress</message>
  <nestedLevel>1</nestedLevel>
</record>
<record>
  <date>2019-09-17T10:56:28</date>
  <millis>1568735788573</millis>
  <sequence>13</sequence>
  <level>START</level>
  <class>com.kms.katalon.core.logging.XmlKeywordLogger</class>
  <method>startKeyword</method>
  <thread>1</thread>
  <message>Start action : response1 = sendRequestAndVerify(findTestObject(\&amp;quot;Helpers/SignUp/SignUp_StudentUserInvalidEmail\&amp;quot;, [\&amp;quot;G_API_URL_SIGNUP\&amp;quot;:G_API_URL_SIGNUP, \&amp;quot;G_signUp_studentCorrect_firstName\&amp;quot;:G_signUp_studentCorrect_firstName, \&amp;quot;G_TimeStampEmailAddress\&amp;quot;:G_TimeStampEmailAddress, ... ]))</message>
  <nestedLevel>1</nestedLevel>
  <property name="startLine">27</property>
  <property name="stepIndex">4</property>
</record>
